<?xml version="1.0" encoding="UTF-8"?>
<testsuite name="com.ksk.project.study_with_me.web.IndexControllerTest" tests="1" skipped="0" failures="0" errors="0" timestamp="2020-08-18T05:29:20" hostname="DESKTOP-637NALB" time="0.999">
  <properties/>
  <testcase name="메인페이지_로딩" classname="com.ksk.project.study_with_me.web.IndexControllerTest" time="0.999"/>
  <system-out><![CDATA[2020-08-18 14:29:16.323  INFO 17088 --- [    Test worker] .b.t.c.SpringBootTestContextBootstrapper : Neither @ContextConfiguration nor @ContextHierarchy found for test class [com.ksk.project.study_with_me.web.IndexControllerTest], using SpringBootContextLoader
2020-08-18 14:29:16.326  INFO 17088 --- [    Test worker] o.s.t.c.support.AbstractContextLoader    : Could not detect default resource locations for test class [com.ksk.project.study_with_me.web.IndexControllerTest]: no resource found for suffixes {-context.xml, Context.groovy}.
2020-08-18 14:29:16.326  INFO 17088 --- [    Test worker] t.c.s.AnnotationConfigContextLoaderUtils : Could not detect default configuration classes for test class [com.ksk.project.study_with_me.web.IndexControllerTest]: IndexControllerTest does not declare any static, non-private, non-final, nested classes annotated with @Configuration.
2020-08-18 14:29:16.329  INFO 17088 --- [    Test worker] .b.t.c.SpringBootTestContextBootstrapper : Found @SpringBootConfiguration com.ksk.project.study_with_me.Application for test class com.ksk.project.study_with_me.web.IndexControllerTest
2020-08-18 14:29:16.331  INFO 17088 --- [    Test worker] .b.t.c.SpringBootTestContextBootstrapper : Loaded default TestExecutionListener class names from location [META-INF/spring.factories]: [org.springframework.security.test.context.support.WithSecurityContextTestExecutionListener, org.springframework.security.test.context.support.ReactorContextTestExecutionListener, org.springframework.boot.test.autoconfigure.restdocs.RestDocsTestExecutionListener, org.springframework.boot.test.autoconfigure.web.client.MockRestServiceServerResetTestExecutionListener, org.springframework.boot.test.autoconfigure.web.servlet.MockMvcPrintOnlyOnFailureTestExecutionListener, org.springframework.boot.test.autoconfigure.web.servlet.WebDriverTestExecutionListener, org.springframework.boot.test.mock.mockito.MockitoTestExecutionListener, org.springframework.boot.test.mock.mockito.ResetMocksTestExecutionListener, org.springframework.test.context.web.ServletTestExecutionListener, org.springframework.test.context.support.DirtiesContextBeforeModesTestExecutionListener, org.springframework.test.context.support.DependencyInjectionTestExecutionListener, org.springframework.test.context.support.DirtiesContextTestExecutionListener, org.springframework.test.context.transaction.TransactionalTestExecutionListener, org.springframework.test.context.jdbc.SqlScriptsTestExecutionListener]
2020-08-18 14:29:16.333  INFO 17088 --- [    Test worker] .b.t.c.SpringBootTestContextBootstrapper : Using TestExecutionListeners: [org.springframework.test.context.web.ServletTestExecutionListener@2ee8a073, org.springframework.test.context.support.DirtiesContextBeforeModesTestExecutionListener@4c582ef, org.springframework.boot.test.mock.mockito.MockitoTestExecutionListener@5d1de8dc, org.springframework.boot.test.autoconfigure.SpringBootDependencyInjectionTestExecutionListener@15985817, org.springframework.test.context.support.DirtiesContextTestExecutionListener@7e1899ef, org.springframework.test.context.transaction.TransactionalTestExecutionListener@5662ae39, org.springframework.test.context.jdbc.SqlScriptsTestExecutionListener@648bf721, org.springframework.security.test.context.support.WithSecurityContextTestExecutionListener@33845347, org.springframework.security.test.context.support.ReactorContextTestExecutionListener@9697339, org.springframework.boot.test.autoconfigure.restdocs.RestDocsTestExecutionListener@4a39174b, org.springframework.boot.test.autoconfigure.web.client.MockRestServiceServerResetTestExecutionListener@71b0c3d2, org.springframework.boot.test.autoconfigure.web.servlet.MockMvcPrintOnlyOnFailureTestExecutionListener@603fb8c8, org.springframework.boot.test.autoconfigure.web.servlet.WebDriverTestExecutionListener@220def4d, org.springframework.boot.test.mock.mockito.ResetMocksTestExecutionListener@208c2708]

  .   ____          _            __ _ _
 /\\ / ___'_ __ _ _(_)_ __  __ _ \ \ \ \
( ( )\___ | '_ | '_| | '_ \/ _` | \ \ \ \
 \\/  ___)| |_)| | | | | || (_| |  ) ) ) )
  '  |____| .__|_| |_|_| |_\__, | / / / /
 =========|_|==============|___/=/_/_/_/
 :: Spring Boot ::        (v2.1.7.RELEASE)

2020-08-18 14:29:16.445  INFO 17088 --- [    Test worker] c.k.p.s.web.IndexControllerTest          : Starting IndexControllerTest on DESKTOP-637NALB with PID 17088 (started by KSK in C:\git\project_2020\study_with_me)
2020-08-18 14:29:16.445  INFO 17088 --- [    Test worker] c.k.p.s.web.IndexControllerTest          : The following profiles are active: oauth
2020-08-18 14:29:16.837  INFO 17088 --- [    Test worker] .s.d.r.c.RepositoryConfigurationDelegate : Bootstrapping Spring Data repositories in DEFAULT mode.
2020-08-18 14:29:16.923  INFO 17088 --- [    Test worker] .s.d.r.c.RepositoryConfigurationDelegate : Finished Spring Data repository scanning in 86ms. Found 9 repository interfaces.
2020-08-18 14:29:17.082  INFO 17088 --- [    Test worker] trationDelegate$BeanPostProcessorChecker : Bean 'org.springframework.transaction.annotation.ProxyTransactionManagementConfiguration' of type [org.springframework.transaction.annotation.ProxyTransactionManagementConfiguration$$EnhancerBySpringCGLIB$$ff09da59] is not eligible for getting processed by all BeanPostProcessors (for example: not eligible for auto-proxying)
2020-08-18 14:29:17.493  INFO 17088 --- [    Test worker] o.s.b.w.embedded.tomcat.TomcatWebServer  : Tomcat initialized with port(s): 0 (http)
2020-08-18 14:29:17.536  INFO 17088 --- [    Test worker] o.apache.catalina.core.StandardService   : Starting service [Tomcat]
2020-08-18 14:29:17.536  INFO 17088 --- [    Test worker] org.apache.catalina.core.StandardEngine  : Starting Servlet engine: [Apache Tomcat/9.0.22]
2020-08-18 14:29:17.870  INFO 17088 --- [    Test worker] o.a.c.c.C.[Tomcat].[localhost].[/]       : Initializing Spring embedded WebApplicationContext
2020-08-18 14:29:17.870  INFO 17088 --- [    Test worker] o.s.web.context.ContextLoader            : Root WebApplicationContext: initialization completed in 1418 ms
2020-08-18 14:29:18.187  INFO 17088 --- [    Test worker] com.zaxxer.hikari.HikariDataSource       : HikariPool-2 - Starting...
2020-08-18 14:29:18.189  INFO 17088 --- [    Test worker] com.zaxxer.hikari.HikariDataSource       : HikariPool-2 - Start completed.
2020-08-18 14:29:18.268  INFO 17088 --- [    Test worker] o.hibernate.jpa.internal.util.LogHelper  : HHH000204: Processing PersistenceUnitInfo [
	name: default
	...]
2020-08-18 14:29:18.296  INFO 17088 --- [    Test worker] org.hibernate.dialect.Dialect            : HHH000400: Using dialect: org.hibernate.dialect.MySQL5InnoDBDialect
2020-08-18 14:29:18.325  WARN 17088 --- [    Test worker] org.hibernate.mapping.RootClass          : HHH000038: Composite-id class does not override equals(): com.ksk.project.study_with_me.domain.like.IsLikePK
2020-08-18 14:29:18.326  WARN 17088 --- [    Test worker] org.hibernate.mapping.RootClass          : HHH000039: Composite-id class does not override hashCode(): com.ksk.project.study_with_me.domain.like.IsLikePK
Hibernate: alter table board_notice_of_seminar drop foreign key FKtq09db2nqijub4fgiha6g9861
Hibernate: alter table board_place_recommendation drop foreign key FKcx0j0wrh6ylid9l43cjmd0j4q
Hibernate: alter table board_question drop foreign key FKokn18etpgq3eqbgd8jqot82gh
Hibernate: alter table board_study_recruitment drop foreign key FKjhmtc5mm8hvrx0o7cm2ifp298
Hibernate: alter table is_like drop foreign key FK8yjm2r65sj89jm33httdnq6uc
Hibernate: drop table if exists board
Hibernate: drop table if exists board_notice_of_seminar
Hibernate: drop table if exists board_place_recommendation
Hibernate: drop table if exists board_question
Hibernate: drop table if exists board_study_recruitment
Hibernate: drop table if exists image
Hibernate: drop table if exists is_like
Hibernate: drop table if exists reply
Hibernate: drop table if exists user
Hibernate: create table board (board_code varchar(255) not null, board_name varchar(50) not null, primary key (board_code)) engine=InnoDB
Hibernate: create table board_notice_of_seminar (post_no bigint not null auto_increment, address varchar(100) not null, image_codes bigint, title varchar(100) not null, user_code bigint not null, view_count integer not null, board_code varchar(255), primary key (post_no)) engine=InnoDB
Hibernate: create table board_place_recommendation (post_no bigint not null auto_increment, address varchar(100) not null, dislike_count integer not null, image_codes bigint, like_count integer not null, thumbnail_image_code bigint, title varchar(100) not null, user_code bigint not null, view_count integer not null, board_code varchar(255), primary key (post_no)) engine=InnoDB
Hibernate: create table board_question (post_no bigint not null auto_increment, content varchar(2000) not null, image_codes bigint, reply_count integer not null, title varchar(100) not null, user_code bigint not null, view_count integer not null, board_code varchar(255), primary key (post_no)) engine=InnoDB
Hibernate: create table board_study_recruitment (post_no bigint not null auto_increment, condition_capacity integer not null, condition_end_date datetime not null, condition_explanation varchar(255) not null, condition_languages varchar(255) not null, condition_region varchar(255) not null, condition_start_date datetime not null, reply_count integer not null, title varchar(500) not null, user_code bigint not null, view_count integer not null, board_code varchar(255), primary key (post_no)) engine=InnoDB
Hibernate: create table image (image_code bigint not null auto_increment, image_name varchar(255) not null, image_path varchar(255) not null, primary key (image_code)) engine=InnoDB
Hibernate: create table is_like (user_code bigint not null, board_code varchar(255) not null, is_like TINYINT(1) not null, primary key (user_code, board_code)) engine=InnoDB
Hibernate: create table reply (reply_no bigint not null auto_increment, board_code varchar(255) not null, content varchar(255) not null, image_code bigint, post_no bigint not null, user_code bigint not null, primary key (reply_no)) engine=InnoDB
Hibernate: create table user (user_code bigint not null auto_increment, created_date datetime, modified_date datetime, email varchar(255) not null, name varchar(50) not null, role varchar(255) not null, primary key (user_code)) engine=InnoDB
Hibernate: alter table board_notice_of_seminar add constraint FKtq09db2nqijub4fgiha6g9861 foreign key (board_code) references board (board_code)
Hibernate: alter table board_place_recommendation add constraint FKcx0j0wrh6ylid9l43cjmd0j4q foreign key (board_code) references board (board_code)
Hibernate: alter table board_question add constraint FKokn18etpgq3eqbgd8jqot82gh foreign key (board_code) references board (board_code)
Hibernate: alter table board_study_recruitment add constraint FKjhmtc5mm8hvrx0o7cm2ifp298 foreign key (board_code) references board (board_code)
Hibernate: alter table is_like add constraint FK8yjm2r65sj89jm33httdnq6uc foreign key (board_code) references board (board_code)
2020-08-18 14:29:18.444  INFO 17088 --- [    Test worker] o.h.t.schema.internal.SchemaCreatorImpl  : HHH000476: Executing import script 'org.hibernate.tool.schema.internal.exec.ScriptSourceInputNonExistentImpl@74655ad3'
2020-08-18 14:29:18.444  INFO 17088 --- [    Test worker] j.LocalContainerEntityManagerFactoryBean : Initialized JPA EntityManagerFactory for persistence unit 'default'
2020-08-18 14:29:19.219  INFO 17088 --- [    Test worker] o.s.s.web.DefaultSecurityFilterChain     : Creating filter chain: any request, [org.springframework.security.web.context.request.async.WebAsyncManagerIntegrationFilter@10f7bb2b, org.springframework.security.web.context.SecurityContextPersistenceFilter@22d57eb6, org.springframework.security.web.header.HeaderWriterFilter@269c55d2, org.springframework.security.web.authentication.logout.LogoutFilter@18e14390, org.springframework.security.oauth2.client.web.OAuth2AuthorizationRequestRedirectFilter@2aa57a82, org.springframework.security.oauth2.client.web.OAuth2LoginAuthenticationFilter@63295da5, org.springframework.security.web.authentication.ui.DefaultLoginPageGeneratingFilter@11c8afd1, org.springframework.security.web.authentication.ui.DefaultLogoutPageGeneratingFilter@5702e969, org.springframework.security.web.savedrequest.RequestCacheAwareFilter@5a522bc3, org.springframework.security.web.servletapi.SecurityContextHolderAwareRequestFilter@1ea4c79e, org.springframework.security.web.authentication.AnonymousAuthenticationFilter@5672f861, org.springframework.security.web.session.SessionManagementFilter@33e79093, org.springframework.security.web.access.ExceptionTranslationFilter@214b3691, org.springframework.security.web.access.intercept.FilterSecurityInterceptor@5f23022e]
2020-08-18 14:29:19.653  INFO 17088 --- [    Test worker] o.s.s.concurrent.ThreadPoolTaskExecutor  : Initializing ExecutorService 'applicationTaskExecutor'
2020-08-18 14:29:19.672  WARN 17088 --- [    Test worker] aWebConfiguration$JpaWebMvcConfiguration : spring.jpa.open-in-view is enabled by default. Therefore, database queries may be performed during view rendering. Explicitly configure spring.jpa.open-in-view to disable this warning
2020-08-18 14:29:19.720  INFO 17088 --- [    Test worker] o.s.b.a.w.s.WelcomePageHandlerMapping    : Adding welcome page template: index
2020-08-18 14:29:20.261  INFO 17088 --- [    Test worker] s.a.ScheduledAnnotationBeanPostProcessor : No TaskScheduler/ScheduledExecutorService bean found for scheduled processing
2020-08-18 14:29:20.306  INFO 17088 --- [    Test worker] o.s.b.w.embedded.tomcat.TomcatWebServer  : Tomcat started on port(s): 57191 (http) with context path ''
2020-08-18 14:29:20.308  INFO 17088 --- [    Test worker] c.k.p.s.web.IndexControllerTest          : Started IndexControllerTest in 3.97 seconds (JVM running for 21.811)
2020-08-18 14:29:20.508  INFO 17088 --- [o-auto-1-exec-1] o.a.c.c.C.[Tomcat].[localhost].[/]       : Initializing Spring DispatcherServlet 'dispatcherServlet'
2020-08-18 14:29:20.509  INFO 17088 --- [o-auto-1-exec-1] o.s.web.servlet.DispatcherServlet        : Initializing Servlet 'dispatcherServlet'
2020-08-18 14:29:20.562  INFO 17088 --- [o-auto-1-exec-1] o.s.web.servlet.DispatcherServlet        : Completed initialization in 53 ms
]]></system-out>
  <system-err><![CDATA[]]></system-err>
</testsuite>
