<?xml version="1.0" encoding="UTF-8"?>
<testsuite name="com.ksk.project.study_with_me.domain.user.UserRepositoryTest" tests="1" skipped="0" failures="0" errors="0" timestamp="2020-08-17T08:26:34" hostname="DESKTOP-637NALB" time="0.019">
  <properties/>
  <testcase name="User저장_불러오기" classname="com.ksk.project.study_with_me.domain.user.UserRepositoryTest" time="0.019"/>
  <system-out><![CDATA[2020-08-17 17:26:34.805  INFO 3372 --- [    Test worker] .b.t.c.SpringBootTestContextBootstrapper : Neither @ContextConfiguration nor @ContextHierarchy found for test class [com.ksk.project.study_with_me.domain.user.UserRepositoryTest], using SpringBootContextLoader
2020-08-17 17:26:34.811  INFO 3372 --- [    Test worker] o.s.t.c.support.AbstractContextLoader    : Could not detect default resource locations for test class [com.ksk.project.study_with_me.domain.user.UserRepositoryTest]: no resource found for suffixes {-context.xml, Context.groovy}.
2020-08-17 17:26:34.811  INFO 3372 --- [    Test worker] t.c.s.AnnotationConfigContextLoaderUtils : Could not detect default configuration classes for test class [com.ksk.project.study_with_me.domain.user.UserRepositoryTest]: UserRepositoryTest does not declare any static, non-private, non-final, nested classes annotated with @Configuration.
2020-08-17 17:26:34.830  INFO 3372 --- [    Test worker] .b.t.c.SpringBootTestContextBootstrapper : Found @SpringBootConfiguration com.ksk.project.study_with_me.Application for test class com.ksk.project.study_with_me.domain.user.UserRepositoryTest
2020-08-17 17:26:34.833  INFO 3372 --- [    Test worker] .b.t.c.SpringBootTestContextBootstrapper : Loaded default TestExecutionListener class names from location [META-INF/spring.factories]: [org.springframework.boot.test.autoconfigure.restdocs.RestDocsTestExecutionListener, org.springframework.boot.test.autoconfigure.web.client.MockRestServiceServerResetTestExecutionListener, org.springframework.boot.test.autoconfigure.web.servlet.MockMvcPrintOnlyOnFailureTestExecutionListener, org.springframework.boot.test.autoconfigure.web.servlet.WebDriverTestExecutionListener, org.springframework.boot.test.mock.mockito.MockitoTestExecutionListener, org.springframework.boot.test.mock.mockito.ResetMocksTestExecutionListener, org.springframework.test.context.web.ServletTestExecutionListener, org.springframework.test.context.support.DirtiesContextBeforeModesTestExecutionListener, org.springframework.test.context.support.DependencyInjectionTestExecutionListener, org.springframework.test.context.support.DirtiesContextTestExecutionListener, org.springframework.test.context.transaction.TransactionalTestExecutionListener, org.springframework.test.context.jdbc.SqlScriptsTestExecutionListener]
2020-08-17 17:26:34.834  INFO 3372 --- [    Test worker] .b.t.c.SpringBootTestContextBootstrapper : Using TestExecutionListeners: [org.springframework.test.context.web.ServletTestExecutionListener@6ab90ee7, org.springframework.test.context.support.DirtiesContextBeforeModesTestExecutionListener@2d330cd7, org.springframework.boot.test.mock.mockito.MockitoTestExecutionListener@7c3a5465, org.springframework.boot.test.autoconfigure.SpringBootDependencyInjectionTestExecutionListener@60813c02, org.springframework.test.context.support.DirtiesContextTestExecutionListener@42edd8c3, org.springframework.test.context.transaction.TransactionalTestExecutionListener@778d31fd, org.springframework.test.context.jdbc.SqlScriptsTestExecutionListener@59bada15, org.springframework.boot.test.autoconfigure.restdocs.RestDocsTestExecutionListener@30328c0c, org.springframework.boot.test.autoconfigure.web.client.MockRestServiceServerResetTestExecutionListener@1c356109, org.springframework.boot.test.autoconfigure.web.servlet.MockMvcPrintOnlyOnFailureTestExecutionListener@229b9ab, org.springframework.boot.test.autoconfigure.web.servlet.WebDriverTestExecutionListener@d4ca189, org.springframework.boot.test.mock.mockito.ResetMocksTestExecutionListener@29ba1ec0]
Hibernate: insert into user (user_name, user_nickname) values (?, ?)
Hibernate: select user0_.user_code as user_cod1_8_, user0_.user_name as user_nam2_8_, user0_.user_nickname as user_nic3_8_ from user user0_
Hibernate: select user0_.user_code as user_cod1_8_, user0_.user_name as user_nam2_8_, user0_.user_nickname as user_nic3_8_ from user user0_
Hibernate: delete from user where user_code=?
]]></system-out>
  <system-err><![CDATA[]]></system-err>
</testsuite>
