<?xml version="1.0" encoding="UTF-8"?>
<testsuite name="com.ksk.project.study_with_me.web.HelloControllerTest" tests="2" skipped="0" failures="0" errors="0" timestamp="2020-08-19T13:02:08" hostname="DESKTOP-637NALB" time="0.426">
  <properties/>
  <testcase name="hello가_리턴된다" classname="com.ksk.project.study_with_me.web.HelloControllerTest" time="0.138"/>
  <testcase name="helloDto가_리턴된다" classname="com.ksk.project.study_with_me.web.HelloControllerTest" time="0.286"/>
  <system-out><![CDATA[2020-08-19 22:02:05.822  INFO 24028 --- [    Test worker] .b.t.a.w.s.WebMvcTestContextBootstrapper : Neither @ContextConfiguration nor @ContextHierarchy found for test class [com.ksk.project.study_with_me.web.HelloControllerTest], using SpringBootContextLoader
2020-08-19 22:02:05.825  INFO 24028 --- [    Test worker] o.s.t.c.support.AbstractContextLoader    : Could not detect default resource locations for test class [com.ksk.project.study_with_me.web.HelloControllerTest]: no resource found for suffixes {-context.xml, Context.groovy}.
2020-08-19 22:02:05.826  INFO 24028 --- [    Test worker] t.c.s.AnnotationConfigContextLoaderUtils : Could not detect default configuration classes for test class [com.ksk.project.study_with_me.web.HelloControllerTest]: HelloControllerTest does not declare any static, non-private, non-final, nested classes annotated with @Configuration.
2020-08-19 22:02:05.880  INFO 24028 --- [    Test worker] .b.t.c.SpringBootTestContextBootstrapper : Found @SpringBootConfiguration com.ksk.project.study_with_me.Application for test class com.ksk.project.study_with_me.web.HelloControllerTest
2020-08-19 22:02:05.881  INFO 24028 --- [    Test worker] .b.t.a.w.s.WebMvcTestContextBootstrapper : Loaded default TestExecutionListener class names from location [META-INF/spring.factories]: [org.springframework.security.test.context.support.WithSecurityContextTestExecutionListener, org.springframework.security.test.context.support.ReactorContextTestExecutionListener, org.springframework.boot.test.autoconfigure.restdocs.RestDocsTestExecutionListener, org.springframework.boot.test.autoconfigure.web.client.MockRestServiceServerResetTestExecutionListener, org.springframework.boot.test.autoconfigure.web.servlet.MockMvcPrintOnlyOnFailureTestExecutionListener, org.springframework.boot.test.autoconfigure.web.servlet.WebDriverTestExecutionListener, org.springframework.boot.test.mock.mockito.MockitoTestExecutionListener, org.springframework.boot.test.mock.mockito.ResetMocksTestExecutionListener, org.springframework.test.context.web.ServletTestExecutionListener, org.springframework.test.context.support.DirtiesContextBeforeModesTestExecutionListener, org.springframework.test.context.support.DependencyInjectionTestExecutionListener, org.springframework.test.context.support.DirtiesContextTestExecutionListener, org.springframework.test.context.transaction.TransactionalTestExecutionListener, org.springframework.test.context.jdbc.SqlScriptsTestExecutionListener]
2020-08-19 22:02:05.883  INFO 24028 --- [    Test worker] .b.t.a.w.s.WebMvcTestContextBootstrapper : Using TestExecutionListeners: [org.springframework.test.context.web.ServletTestExecutionListener@7b66adfd, org.springframework.test.context.support.DirtiesContextBeforeModesTestExecutionListener@4a002e4e, org.springframework.boot.test.mock.mockito.MockitoTestExecutionListener@851a7f9, org.springframework.boot.test.autoconfigure.SpringBootDependencyInjectionTestExecutionListener@36fb57d5, org.springframework.test.context.support.DirtiesContextTestExecutionListener@78bc0db2, org.springframework.test.context.transaction.TransactionalTestExecutionListener@33853eb5, org.springframework.test.context.jdbc.SqlScriptsTestExecutionListener@366e2953, org.springframework.security.test.context.support.WithSecurityContextTestExecutionListener@5a4795b4, org.springframework.security.test.context.support.ReactorContextTestExecutionListener@428ed2d3, org.springframework.boot.test.autoconfigure.restdocs.RestDocsTestExecutionListener@58643ca1, org.springframework.boot.test.autoconfigure.web.client.MockRestServiceServerResetTestExecutionListener@1f07b24f, org.springframework.boot.test.autoconfigure.web.servlet.MockMvcPrintOnlyOnFailureTestExecutionListener@798b7e2e, org.springframework.boot.test.autoconfigure.web.servlet.WebDriverTestExecutionListener@4da73386, org.springframework.boot.test.mock.mockito.ResetMocksTestExecutionListener@34df9fa7]

  .   ____          _            __ _ _
 /\\ / ___'_ __ _ _(_)_ __  __ _ \ \ \ \
( ( )\___ | '_ | '_| | '_ \/ _` | \ \ \ \
 \\/  ___)| |_)| | | | | || (_| |  ) ) ) )
  '  |____| .__|_| |_|_| |_\__, | / / / /
 =========|_|==============|___/=/_/_/_/
 :: Spring Boot ::        (v2.1.7.RELEASE)

2020-08-19 22:02:06.051  INFO 24028 --- [    Test worker] c.k.p.s.web.HelloControllerTest          : Starting HelloControllerTest on DESKTOP-637NALB with PID 24028 (started by KSK in C:\git\project_2020\study_with_me)
2020-08-19 22:02:06.051  INFO 24028 --- [    Test worker] c.k.p.s.web.HelloControllerTest          : The following profiles are active: oauth
2020-08-19 22:02:07.453  INFO 24028 --- [    Test worker] o.s.s.concurrent.ThreadPoolTaskExecutor  : Initializing ExecutorService 'applicationTaskExecutor'
2020-08-19 22:02:07.538  INFO 24028 --- [    Test worker] o.s.b.a.w.s.WelcomePageHandlerMapping    : Adding welcome page template: index
2020-08-19 22:02:08.010  INFO 24028 --- [    Test worker] .s.s.UserDetailsServiceAutoConfiguration : 

Using generated security password: 1244d6a4-fcbb-4ff2-9052-525223e041cf

2020-08-19 22:02:08.507  INFO 24028 --- [    Test worker] o.s.s.web.DefaultSecurityFilterChain     : Creating filter chain: any request, [org.springframework.security.web.context.request.async.WebAsyncManagerIntegrationFilter@36155bd6, org.springframework.security.web.context.SecurityContextPersistenceFilter@78ee8874, org.springframework.security.web.header.HeaderWriterFilter@213204a3, org.springframework.security.web.csrf.CsrfFilter@6be3b63f, org.springframework.security.web.authentication.logout.LogoutFilter@417552e4, org.springframework.security.web.authentication.UsernamePasswordAuthenticationFilter@489cc447, org.springframework.security.web.authentication.ui.DefaultLoginPageGeneratingFilter@4c34587e, org.springframework.security.web.authentication.ui.DefaultLogoutPageGeneratingFilter@5cea813c, org.springframework.security.web.authentication.www.BasicAuthenticationFilter@160a1459, org.springframework.security.web.savedrequest.RequestCacheAwareFilter@1a8488bd, org.springframework.security.web.servletapi.SecurityContextHolderAwareRequestFilter@2b228052, org.springframework.security.web.authentication.AnonymousAuthenticationFilter@1a04fe24, org.springframework.security.web.session.SessionManagementFilter@57961cf4, org.springframework.security.web.access.ExceptionTranslationFilter@76f28f43, org.springframework.security.web.access.intercept.FilterSecurityInterceptor@717754c]
2020-08-19 22:02:08.618  INFO 24028 --- [    Test worker] o.s.b.t.m.w.SpringBootMockServletContext : Initializing Spring TestDispatcherServlet ''
2020-08-19 22:02:08.618  INFO 24028 --- [    Test worker] o.s.t.web.servlet.TestDispatcherServlet  : Initializing Servlet ''
2020-08-19 22:02:08.653  INFO 24028 --- [    Test worker] o.s.t.web.servlet.TestDispatcherServlet  : Completed initialization in 35 ms
2020-08-19 22:02:08.708  INFO 24028 --- [    Test worker] c.k.p.s.web.HelloControllerTest          : Started HelloControllerTest in 2.818 seconds (JVM running for 28.394)
]]></system-out>
  <system-err><![CDATA[]]></system-err>
</testsuite>
