<?xml version="1.0" encoding="UTF-8"?>
<testsuite name="com.ksk.project.study_with_me.domain.boardPlaceRecommendation.BoardPlaceRecommendationTest" tests="1" skipped="0" failures="0" errors="0" timestamp="2020-08-18T05:29:16" hostname="DESKTOP-637NALB" time="0.031">
  <properties/>
  <testcase name="스터디장소추천게시글저장_불러오기" classname="com.ksk.project.study_with_me.domain.boardPlaceRecommendation.BoardPlaceRecommendationTest" time="0.031"/>
  <system-out><![CDATA[2020-08-18 14:29:16.011  INFO 17088 --- [    Test worker] .b.t.c.SpringBootTestContextBootstrapper : Neither @ContextConfiguration nor @ContextHierarchy found for test class [com.ksk.project.study_with_me.domain.boardPlaceRecommendation.BoardPlaceRecommendationTest], using SpringBootContextLoader
2020-08-18 14:29:16.013  INFO 17088 --- [    Test worker] o.s.t.c.support.AbstractContextLoader    : Could not detect default resource locations for test class [com.ksk.project.study_with_me.domain.boardPlaceRecommendation.BoardPlaceRecommendationTest]: no resource found for suffixes {-context.xml, Context.groovy}.
2020-08-18 14:29:16.013  INFO 17088 --- [    Test worker] t.c.s.AnnotationConfigContextLoaderUtils : Could not detect default configuration classes for test class [com.ksk.project.study_with_me.domain.boardPlaceRecommendation.BoardPlaceRecommendationTest]: BoardPlaceRecommendationTest does not declare any static, non-private, non-final, nested classes annotated with @Configuration.
2020-08-18 14:29:16.028  INFO 17088 --- [    Test worker] .b.t.c.SpringBootTestContextBootstrapper : Found @SpringBootConfiguration com.ksk.project.study_with_me.Application for test class com.ksk.project.study_with_me.domain.boardPlaceRecommendation.BoardPlaceRecommendationTest
2020-08-18 14:29:16.030  INFO 17088 --- [    Test worker] .b.t.c.SpringBootTestContextBootstrapper : Loaded default TestExecutionListener class names from location [META-INF/spring.factories]: [org.springframework.security.test.context.support.WithSecurityContextTestExecutionListener, org.springframework.security.test.context.support.ReactorContextTestExecutionListener, org.springframework.boot.test.autoconfigure.restdocs.RestDocsTestExecutionListener, org.springframework.boot.test.autoconfigure.web.client.MockRestServiceServerResetTestExecutionListener, org.springframework.boot.test.autoconfigure.web.servlet.MockMvcPrintOnlyOnFailureTestExecutionListener, org.springframework.boot.test.autoconfigure.web.servlet.WebDriverTestExecutionListener, org.springframework.boot.test.mock.mockito.MockitoTestExecutionListener, org.springframework.boot.test.mock.mockito.ResetMocksTestExecutionListener, org.springframework.test.context.web.ServletTestExecutionListener, org.springframework.test.context.support.DirtiesContextBeforeModesTestExecutionListener, org.springframework.test.context.support.DependencyInjectionTestExecutionListener, org.springframework.test.context.support.DirtiesContextTestExecutionListener, org.springframework.test.context.transaction.TransactionalTestExecutionListener, org.springframework.test.context.jdbc.SqlScriptsTestExecutionListener]
2020-08-18 14:29:16.031  INFO 17088 --- [    Test worker] .b.t.c.SpringBootTestContextBootstrapper : Using TestExecutionListeners: [org.springframework.test.context.web.ServletTestExecutionListener@7c08956f, org.springframework.test.context.support.DirtiesContextBeforeModesTestExecutionListener@75e3b8bb, org.springframework.boot.test.mock.mockito.MockitoTestExecutionListener@57d5e24, org.springframework.boot.test.autoconfigure.SpringBootDependencyInjectionTestExecutionListener@762b0169, org.springframework.test.context.support.DirtiesContextTestExecutionListener@4eb0512e, org.springframework.test.context.transaction.TransactionalTestExecutionListener@26fe0e23, org.springframework.test.context.jdbc.SqlScriptsTestExecutionListener@491de8a6, org.springframework.security.test.context.support.WithSecurityContextTestExecutionListener@679398a5, org.springframework.security.test.context.support.ReactorContextTestExecutionListener@2be68c58, org.springframework.boot.test.autoconfigure.restdocs.RestDocsTestExecutionListener@7d3f1011, org.springframework.boot.test.autoconfigure.web.client.MockRestServiceServerResetTestExecutionListener@5b419fc8, org.springframework.boot.test.autoconfigure.web.servlet.MockMvcPrintOnlyOnFailureTestExecutionListener@20ec72b5, org.springframework.boot.test.autoconfigure.web.servlet.WebDriverTestExecutionListener@3f77aebc, org.springframework.boot.test.mock.mockito.ResetMocksTestExecutionListener@3a4d9edb]
Hibernate: select board0_.board_code as board_co1_0_0_, board0_.board_name as board_na2_0_0_ from board board0_ where board0_.board_code=?
Hibernate: insert into board (board_name, board_code) values (?, ?)
Hibernate: select board_.board_code, board_.board_name as board_na2_0_ from board board_ where board_.board_code=?
Hibernate: insert into board_place_recommendation (address, board_code, dislike_count, image_codes, like_count, thumbnail_image_code, title, user_code, view_count) values (?, ?, ?, ?, ?, ?, ?, ?, ?)
Hibernate: select boardplace0_.post_no as post_no1_2_, boardplace0_.address as address2_2_, boardplace0_.board_code as board_c10_2_, boardplace0_.dislike_count as dislike_3_2_, boardplace0_.image_codes as image_co4_2_, boardplace0_.like_count as like_cou5_2_, boardplace0_.thumbnail_image_code as thumbnai6_2_, boardplace0_.title as title7_2_, boardplace0_.user_code as user_cod8_2_, boardplace0_.view_count as view_cou9_2_ from board_place_recommendation boardplace0_
Hibernate: select board0_.board_code as board_co1_0_0_, board0_.board_name as board_na2_0_0_ from board board0_ where board0_.board_code=?
Hibernate: select boardplace0_.post_no as post_no1_2_, boardplace0_.address as address2_2_, boardplace0_.board_code as board_c10_2_, boardplace0_.dislike_count as dislike_3_2_, boardplace0_.image_codes as image_co4_2_, boardplace0_.like_count as like_cou5_2_, boardplace0_.thumbnail_image_code as thumbnai6_2_, boardplace0_.title as title7_2_, boardplace0_.user_code as user_cod8_2_, boardplace0_.view_count as view_cou9_2_ from board_place_recommendation boardplace0_
Hibernate: select board0_.board_code as board_co1_0_0_, board0_.board_name as board_na2_0_0_ from board board0_ where board0_.board_code=?
Hibernate: delete from board_place_recommendation where post_no=?
Hibernate: select board0_.board_code as board_co1_0_, board0_.board_name as board_na2_0_ from board board0_
Hibernate: delete from board where board_code=?
]]></system-out>
  <system-err><![CDATA[]]></system-err>
</testsuite>
