<?xml version="1.0" encoding="UTF-8"?>
<testsuite name="com.ksk.project.study_with_me.domain.like.IsLikeTest" tests="1" skipped="0" failures="0" errors="0" timestamp="2020-08-20T03:52:46" hostname="DESKTOP-637NALB" time="0.054">
  <properties/>
  <testcase name="좋아요저장_불러오기" classname="com.ksk.project.study_with_me.domain.like.IsLikeTest" time="0.054"/>
  <system-out><![CDATA[2020-08-20 12:52:46.874  INFO 7400 --- [    Test worker] .b.t.c.SpringBootTestContextBootstrapper : Neither @ContextConfiguration nor @ContextHierarchy found for test class [com.ksk.project.study_with_me.domain.like.IsLikeTest], using SpringBootContextLoader
2020-08-20 12:52:46.878  INFO 7400 --- [    Test worker] o.s.t.c.support.AbstractContextLoader    : Could not detect default resource locations for test class [com.ksk.project.study_with_me.domain.like.IsLikeTest]: no resource found for suffixes {-context.xml, Context.groovy}.
2020-08-20 12:52:46.878  INFO 7400 --- [    Test worker] t.c.s.AnnotationConfigContextLoaderUtils : Could not detect default configuration classes for test class [com.ksk.project.study_with_me.domain.like.IsLikeTest]: IsLikeTest does not declare any static, non-private, non-final, nested classes annotated with @Configuration.
2020-08-20 12:52:46.934  INFO 7400 --- [    Test worker] .b.t.c.SpringBootTestContextBootstrapper : Found @SpringBootConfiguration com.ksk.project.study_with_me.Application for test class com.ksk.project.study_with_me.domain.like.IsLikeTest
2020-08-20 12:52:46.940  INFO 7400 --- [    Test worker] .b.t.c.SpringBootTestContextBootstrapper : Loaded default TestExecutionListener class names from location [META-INF/spring.factories]: [org.springframework.security.test.context.support.WithSecurityContextTestExecutionListener, org.springframework.security.test.context.support.ReactorContextTestExecutionListener, org.springframework.boot.test.autoconfigure.restdocs.RestDocsTestExecutionListener, org.springframework.boot.test.autoconfigure.web.client.MockRestServiceServerResetTestExecutionListener, org.springframework.boot.test.autoconfigure.web.servlet.MockMvcPrintOnlyOnFailureTestExecutionListener, org.springframework.boot.test.autoconfigure.web.servlet.WebDriverTestExecutionListener, org.springframework.boot.test.mock.mockito.MockitoTestExecutionListener, org.springframework.boot.test.mock.mockito.ResetMocksTestExecutionListener, org.springframework.test.context.web.ServletTestExecutionListener, org.springframework.test.context.support.DirtiesContextBeforeModesTestExecutionListener, org.springframework.test.context.support.DependencyInjectionTestExecutionListener, org.springframework.test.context.support.DirtiesContextTestExecutionListener, org.springframework.test.context.transaction.TransactionalTestExecutionListener, org.springframework.test.context.jdbc.SqlScriptsTestExecutionListener]
2020-08-20 12:52:46.942  INFO 7400 --- [    Test worker] .b.t.c.SpringBootTestContextBootstrapper : Using TestExecutionListeners: [org.springframework.test.context.web.ServletTestExecutionListener@5c536933, org.springframework.test.context.support.DirtiesContextBeforeModesTestExecutionListener@592fa3c6, org.springframework.boot.test.mock.mockito.MockitoTestExecutionListener@38318ea9, org.springframework.boot.test.autoconfigure.SpringBootDependencyInjectionTestExecutionListener@1d803cd8, org.springframework.test.context.support.DirtiesContextTestExecutionListener@5addd4aa, org.springframework.test.context.transaction.TransactionalTestExecutionListener@7ec87da4, org.springframework.test.context.jdbc.SqlScriptsTestExecutionListener@4ab8f012, org.springframework.security.test.context.support.WithSecurityContextTestExecutionListener@56c26361, org.springframework.security.test.context.support.ReactorContextTestExecutionListener@620e9597, org.springframework.boot.test.autoconfigure.restdocs.RestDocsTestExecutionListener@5f16f12f, org.springframework.boot.test.autoconfigure.web.client.MockRestServiceServerResetTestExecutionListener@52a3b2bf, org.springframework.boot.test.autoconfigure.web.servlet.MockMvcPrintOnlyOnFailureTestExecutionListener@173f0ae1, org.springframework.boot.test.autoconfigure.web.servlet.WebDriverTestExecutionListener@10b87bc, org.springframework.boot.test.mock.mockito.ResetMocksTestExecutionListener@69fc813b]
Hibernate: select board0_.board_code as board_co1_0_0_, board0_.board_name as board_na2_0_0_ from board board0_ where board0_.board_code=?
Hibernate: insert into board (board_name, board_code) values (?, ?)
Hibernate: select islike0_.user_code as user_cod1_6_0_, islike0_.board_code as board_co2_6_0_, islike0_.is_like as is_like3_6_0_ from is_like islike0_ where islike0_.user_code=? and islike0_.board_code=?
Hibernate: insert into is_like (is_like, user_code, board_code) values (?, ?, ?)
Hibernate: select islike0_.user_code as user_cod1_6_, islike0_.board_code as board_co2_6_, islike0_.is_like as is_like3_6_ from is_like islike0_
Hibernate: select board0_.board_code as board_co1_0_0_, board0_.board_name as board_na2_0_0_ from board board0_ where board0_.board_code=?
Hibernate: select islike0_.user_code as user_cod1_6_, islike0_.board_code as board_co2_6_, islike0_.is_like as is_like3_6_ from is_like islike0_
Hibernate: select board0_.board_code as board_co1_0_0_, board0_.board_name as board_na2_0_0_ from board board0_ where board0_.board_code=?
Hibernate: delete from is_like where user_code=? and board_code=?
Hibernate: select board0_.board_code as board_co1_0_, board0_.board_name as board_na2_0_ from board board0_
Hibernate: delete from board where board_code=?
]]></system-out>
  <system-err><![CDATA[]]></system-err>
</testsuite>
