<?xml version="1.0" encoding="UTF-8"?>
<testsuite name="com.ksk.project.study_with_me.domain.reply.ReplyTest" tests="1" skipped="0" failures="0" errors="0" timestamp="2020-08-19T13:02:05" hostname="DESKTOP-637NALB" time="0.13">
  <properties/>
  <testcase name="댓글등록_불러오기" classname="com.ksk.project.study_with_me.domain.reply.ReplyTest" time="0.13"/>
  <system-out><![CDATA[2020-08-19 22:02:05.609  INFO 24028 --- [    Test worker] .b.t.c.SpringBootTestContextBootstrapper : Neither @ContextConfiguration nor @ContextHierarchy found for test class [com.ksk.project.study_with_me.domain.reply.ReplyTest], using SpringBootContextLoader
2020-08-19 22:02:05.612  INFO 24028 --- [    Test worker] o.s.t.c.support.AbstractContextLoader    : Could not detect default resource locations for test class [com.ksk.project.study_with_me.domain.reply.ReplyTest]: no resource found for suffixes {-context.xml, Context.groovy}.
2020-08-19 22:02:05.612  INFO 24028 --- [    Test worker] t.c.s.AnnotationConfigContextLoaderUtils : Could not detect default configuration classes for test class [com.ksk.project.study_with_me.domain.reply.ReplyTest]: ReplyTest does not declare any static, non-private, non-final, nested classes annotated with @Configuration.
2020-08-19 22:02:05.649  INFO 24028 --- [    Test worker] .b.t.c.SpringBootTestContextBootstrapper : Found @SpringBootConfiguration com.ksk.project.study_with_me.Application for test class com.ksk.project.study_with_me.domain.reply.ReplyTest
2020-08-19 22:02:05.655  INFO 24028 --- [    Test worker] .b.t.c.SpringBootTestContextBootstrapper : Loaded default TestExecutionListener class names from location [META-INF/spring.factories]: [org.springframework.security.test.context.support.WithSecurityContextTestExecutionListener, org.springframework.security.test.context.support.ReactorContextTestExecutionListener, org.springframework.boot.test.autoconfigure.restdocs.RestDocsTestExecutionListener, org.springframework.boot.test.autoconfigure.web.client.MockRestServiceServerResetTestExecutionListener, org.springframework.boot.test.autoconfigure.web.servlet.MockMvcPrintOnlyOnFailureTestExecutionListener, org.springframework.boot.test.autoconfigure.web.servlet.WebDriverTestExecutionListener, org.springframework.boot.test.mock.mockito.MockitoTestExecutionListener, org.springframework.boot.test.mock.mockito.ResetMocksTestExecutionListener, org.springframework.test.context.web.ServletTestExecutionListener, org.springframework.test.context.support.DirtiesContextBeforeModesTestExecutionListener, org.springframework.test.context.support.DependencyInjectionTestExecutionListener, org.springframework.test.context.support.DirtiesContextTestExecutionListener, org.springframework.test.context.transaction.TransactionalTestExecutionListener, org.springframework.test.context.jdbc.SqlScriptsTestExecutionListener]
2020-08-19 22:02:05.658  INFO 24028 --- [    Test worker] .b.t.c.SpringBootTestContextBootstrapper : Using TestExecutionListeners: [org.springframework.test.context.web.ServletTestExecutionListener@272b4242, org.springframework.test.context.support.DirtiesContextBeforeModesTestExecutionListener@686fad17, org.springframework.boot.test.mock.mockito.MockitoTestExecutionListener@2c41982c, org.springframework.boot.test.autoconfigure.SpringBootDependencyInjectionTestExecutionListener@61f272bd, org.springframework.test.context.support.DirtiesContextTestExecutionListener@1c361593, org.springframework.test.context.transaction.TransactionalTestExecutionListener@9a41417, org.springframework.test.context.jdbc.SqlScriptsTestExecutionListener@29846df7, org.springframework.security.test.context.support.WithSecurityContextTestExecutionListener@5b1185e0, org.springframework.security.test.context.support.ReactorContextTestExecutionListener@77a7999c, org.springframework.boot.test.autoconfigure.restdocs.RestDocsTestExecutionListener@5e8a3fd3, org.springframework.boot.test.autoconfigure.web.client.MockRestServiceServerResetTestExecutionListener@54eb0a20, org.springframework.boot.test.autoconfigure.web.servlet.MockMvcPrintOnlyOnFailureTestExecutionListener@302abd8, org.springframework.boot.test.autoconfigure.web.servlet.WebDriverTestExecutionListener@4822b95d, org.springframework.boot.test.mock.mockito.ResetMocksTestExecutionListener@4759632d]
Hibernate: select board0_.board_code as board_co1_0_0_, board0_.board_name as board_na2_0_0_ from board board0_ where board0_.board_code=?
Hibernate: insert into board (board_name, board_code) values (?, ?)
Hibernate: select board_.board_code, board_.board_name as board_na2_0_ from board board_ where board_.board_code=?
Hibernate: insert into board_question (board_code, content, image_codes, reply_count, title, user_code, view_count) values (?, ?, ?, ?, ?, ?, ?)
Hibernate: insert into reply (board_code, content, image_code, post_no, user_code) values (?, ?, ?, ?, ?)
Hibernate: select reply0_.reply_no as reply_no1_7_, reply0_.board_code as board_co2_7_, reply0_.content as content3_7_, reply0_.image_code as image_co4_7_, reply0_.post_no as post_no5_7_, reply0_.user_code as user_cod6_7_ from reply reply0_
Hibernate: select reply0_.reply_no as reply_no1_7_, reply0_.board_code as board_co2_7_, reply0_.content as content3_7_, reply0_.image_code as image_co4_7_, reply0_.post_no as post_no5_7_, reply0_.user_code as user_cod6_7_ from reply reply0_
Hibernate: delete from reply where reply_no=?
Hibernate: select boardquest0_.post_no as post_no1_3_, boardquest0_.board_code as board_co8_3_, boardquest0_.content as content2_3_, boardquest0_.image_codes as image_co3_3_, boardquest0_.reply_count as reply_co4_3_, boardquest0_.title as title5_3_, boardquest0_.user_code as user_cod6_3_, boardquest0_.view_count as view_cou7_3_ from board_question boardquest0_
Hibernate: select board0_.board_code as board_co1_0_0_, board0_.board_name as board_na2_0_0_ from board board0_ where board0_.board_code=?
Hibernate: delete from board_question where post_no=?
Hibernate: select board0_.board_code as board_co1_0_, board0_.board_name as board_na2_0_ from board board0_
Hibernate: delete from board where board_code=?
]]></system-out>
  <system-err><![CDATA[]]></system-err>
</testsuite>
