<?xml version="1.0" encoding="UTF-8"?>
<testsuite name="com.ksk.project.study_with_me.domain.boardNoticeOfSeminar.BoardNoticeOfSeminarTest" tests="1" skipped="0" failures="0" errors="0" timestamp="2020-08-18T05:29:15" hostname="DESKTOP-637NALB" time="0.045">
  <properties/>
  <testcase name="세미나알림게시글저장_불러오기" classname="com.ksk.project.study_with_me.domain.boardNoticeOfSeminar.BoardNoticeOfSeminarTest" time="0.045"/>
  <system-out><![CDATA[2020-08-18 14:29:15.938  INFO 17088 --- [    Test worker] .b.t.c.SpringBootTestContextBootstrapper : Neither @ContextConfiguration nor @ContextHierarchy found for test class [com.ksk.project.study_with_me.domain.boardNoticeOfSeminar.BoardNoticeOfSeminarTest], using SpringBootContextLoader
2020-08-18 14:29:15.939  INFO 17088 --- [    Test worker] o.s.t.c.support.AbstractContextLoader    : Could not detect default resource locations for test class [com.ksk.project.study_with_me.domain.boardNoticeOfSeminar.BoardNoticeOfSeminarTest]: no resource found for suffixes {-context.xml, Context.groovy}.
2020-08-18 14:29:15.939  INFO 17088 --- [    Test worker] t.c.s.AnnotationConfigContextLoaderUtils : Could not detect default configuration classes for test class [com.ksk.project.study_with_me.domain.boardNoticeOfSeminar.BoardNoticeOfSeminarTest]: BoardNoticeOfSeminarTest does not declare any static, non-private, non-final, nested classes annotated with @Configuration.
2020-08-18 14:29:15.956  INFO 17088 --- [    Test worker] .b.t.c.SpringBootTestContextBootstrapper : Found @SpringBootConfiguration com.ksk.project.study_with_me.Application for test class com.ksk.project.study_with_me.domain.boardNoticeOfSeminar.BoardNoticeOfSeminarTest
2020-08-18 14:29:15.959  INFO 17088 --- [    Test worker] .b.t.c.SpringBootTestContextBootstrapper : Loaded default TestExecutionListener class names from location [META-INF/spring.factories]: [org.springframework.security.test.context.support.WithSecurityContextTestExecutionListener, org.springframework.security.test.context.support.ReactorContextTestExecutionListener, org.springframework.boot.test.autoconfigure.restdocs.RestDocsTestExecutionListener, org.springframework.boot.test.autoconfigure.web.client.MockRestServiceServerResetTestExecutionListener, org.springframework.boot.test.autoconfigure.web.servlet.MockMvcPrintOnlyOnFailureTestExecutionListener, org.springframework.boot.test.autoconfigure.web.servlet.WebDriverTestExecutionListener, org.springframework.boot.test.mock.mockito.MockitoTestExecutionListener, org.springframework.boot.test.mock.mockito.ResetMocksTestExecutionListener, org.springframework.test.context.web.ServletTestExecutionListener, org.springframework.test.context.support.DirtiesContextBeforeModesTestExecutionListener, org.springframework.test.context.support.DependencyInjectionTestExecutionListener, org.springframework.test.context.support.DirtiesContextTestExecutionListener, org.springframework.test.context.transaction.TransactionalTestExecutionListener, org.springframework.test.context.jdbc.SqlScriptsTestExecutionListener]
2020-08-18 14:29:15.961  INFO 17088 --- [    Test worker] .b.t.c.SpringBootTestContextBootstrapper : Using TestExecutionListeners: [org.springframework.test.context.web.ServletTestExecutionListener@7a4f3717, org.springframework.test.context.support.DirtiesContextBeforeModesTestExecutionListener@13a93a18, org.springframework.boot.test.mock.mockito.MockitoTestExecutionListener@d86386b, org.springframework.boot.test.autoconfigure.SpringBootDependencyInjectionTestExecutionListener@6eec415d, org.springframework.test.context.support.DirtiesContextTestExecutionListener@6d983418, org.springframework.test.context.transaction.TransactionalTestExecutionListener@373baa49, org.springframework.test.context.jdbc.SqlScriptsTestExecutionListener@bc289a5, org.springframework.security.test.context.support.WithSecurityContextTestExecutionListener@728d729, org.springframework.security.test.context.support.ReactorContextTestExecutionListener@2b3c0b20, org.springframework.boot.test.autoconfigure.restdocs.RestDocsTestExecutionListener@41bf95ec, org.springframework.boot.test.autoconfigure.web.client.MockRestServiceServerResetTestExecutionListener@5eafb3df, org.springframework.boot.test.autoconfigure.web.servlet.MockMvcPrintOnlyOnFailureTestExecutionListener@1fffa6bc, org.springframework.boot.test.autoconfigure.web.servlet.WebDriverTestExecutionListener@54d1cb68, org.springframework.boot.test.mock.mockito.ResetMocksTestExecutionListener@697c24eb]
Hibernate: select board0_.board_code as board_co1_0_0_, board0_.board_name as board_na2_0_0_ from board board0_ where board0_.board_code=?
Hibernate: insert into board (board_name, board_code) values (?, ?)
Hibernate: select board_.board_code, board_.board_name as board_na2_0_ from board board_ where board_.board_code=?
Hibernate: insert into board_notice_of_seminar (address, board_code, image_codes, title, user_code, view_count) values (?, ?, ?, ?, ?, ?)
Hibernate: select boardnotic0_.post_no as post_no1_1_, boardnotic0_.address as address2_1_, boardnotic0_.board_code as board_co7_1_, boardnotic0_.image_codes as image_co3_1_, boardnotic0_.title as title4_1_, boardnotic0_.user_code as user_cod5_1_, boardnotic0_.view_count as view_cou6_1_ from board_notice_of_seminar boardnotic0_
Hibernate: select board0_.board_code as board_co1_0_0_, board0_.board_name as board_na2_0_0_ from board board0_ where board0_.board_code=?
Hibernate: select boardnotic0_.post_no as post_no1_1_, boardnotic0_.address as address2_1_, boardnotic0_.board_code as board_co7_1_, boardnotic0_.image_codes as image_co3_1_, boardnotic0_.title as title4_1_, boardnotic0_.user_code as user_cod5_1_, boardnotic0_.view_count as view_cou6_1_ from board_notice_of_seminar boardnotic0_
Hibernate: select board0_.board_code as board_co1_0_0_, board0_.board_name as board_na2_0_0_ from board board0_ where board0_.board_code=?
Hibernate: delete from board_notice_of_seminar where post_no=?
Hibernate: select board0_.board_code as board_co1_0_, board0_.board_name as board_na2_0_ from board board0_
Hibernate: delete from board where board_code=?
]]></system-out>
  <system-err><![CDATA[]]></system-err>
</testsuite>
