<?xml version="1.0" encoding="UTF-8"?>
<testsuite name="com.ksk.project.study_with_me.domain.reply.ReplyTest" tests="1" skipped="0" failures="0" errors="0" timestamp="2020-08-18T05:29:16" hostname="DESKTOP-637NALB" time="0.032">
  <properties/>
  <testcase name="댓글등록_불러오기" classname="com.ksk.project.study_with_me.domain.reply.ReplyTest" time="0.032"/>
  <system-out><![CDATA[2020-08-18 14:29:16.247  INFO 17088 --- [    Test worker] .b.t.c.SpringBootTestContextBootstrapper : Neither @ContextConfiguration nor @ContextHierarchy found for test class [com.ksk.project.study_with_me.domain.reply.ReplyTest], using SpringBootContextLoader
2020-08-18 14:29:16.251  INFO 17088 --- [    Test worker] o.s.t.c.support.AbstractContextLoader    : Could not detect default resource locations for test class [com.ksk.project.study_with_me.domain.reply.ReplyTest]: no resource found for suffixes {-context.xml, Context.groovy}.
2020-08-18 14:29:16.251  INFO 17088 --- [    Test worker] t.c.s.AnnotationConfigContextLoaderUtils : Could not detect default configuration classes for test class [com.ksk.project.study_with_me.domain.reply.ReplyTest]: ReplyTest does not declare any static, non-private, non-final, nested classes annotated with @Configuration.
2020-08-18 14:29:16.268  INFO 17088 --- [    Test worker] .b.t.c.SpringBootTestContextBootstrapper : Found @SpringBootConfiguration com.ksk.project.study_with_me.Application for test class com.ksk.project.study_with_me.domain.reply.ReplyTest
2020-08-18 14:29:16.271  INFO 17088 --- [    Test worker] .b.t.c.SpringBootTestContextBootstrapper : Loaded default TestExecutionListener class names from location [META-INF/spring.factories]: [org.springframework.security.test.context.support.WithSecurityContextTestExecutionListener, org.springframework.security.test.context.support.ReactorContextTestExecutionListener, org.springframework.boot.test.autoconfigure.restdocs.RestDocsTestExecutionListener, org.springframework.boot.test.autoconfigure.web.client.MockRestServiceServerResetTestExecutionListener, org.springframework.boot.test.autoconfigure.web.servlet.MockMvcPrintOnlyOnFailureTestExecutionListener, org.springframework.boot.test.autoconfigure.web.servlet.WebDriverTestExecutionListener, org.springframework.boot.test.mock.mockito.MockitoTestExecutionListener, org.springframework.boot.test.mock.mockito.ResetMocksTestExecutionListener, org.springframework.test.context.web.ServletTestExecutionListener, org.springframework.test.context.support.DirtiesContextBeforeModesTestExecutionListener, org.springframework.test.context.support.DependencyInjectionTestExecutionListener, org.springframework.test.context.support.DirtiesContextTestExecutionListener, org.springframework.test.context.transaction.TransactionalTestExecutionListener, org.springframework.test.context.jdbc.SqlScriptsTestExecutionListener]
2020-08-18 14:29:16.272  INFO 17088 --- [    Test worker] .b.t.c.SpringBootTestContextBootstrapper : Using TestExecutionListeners: [org.springframework.test.context.web.ServletTestExecutionListener@2a387453, org.springframework.test.context.support.DirtiesContextBeforeModesTestExecutionListener@273cc912, org.springframework.boot.test.mock.mockito.MockitoTestExecutionListener@2fe8a120, org.springframework.boot.test.autoconfigure.SpringBootDependencyInjectionTestExecutionListener@1257b261, org.springframework.test.context.support.DirtiesContextTestExecutionListener@7ba4c694, org.springframework.test.context.transaction.TransactionalTestExecutionListener@3a91e4ab, org.springframework.test.context.jdbc.SqlScriptsTestExecutionListener@501aa378, org.springframework.security.test.context.support.WithSecurityContextTestExecutionListener@7f71d7a0, org.springframework.security.test.context.support.ReactorContextTestExecutionListener@22bc3ebc, org.springframework.boot.test.autoconfigure.restdocs.RestDocsTestExecutionListener@17bd22fc, org.springframework.boot.test.autoconfigure.web.client.MockRestServiceServerResetTestExecutionListener@12394210, org.springframework.boot.test.autoconfigure.web.servlet.MockMvcPrintOnlyOnFailureTestExecutionListener@63844b20, org.springframework.boot.test.autoconfigure.web.servlet.WebDriverTestExecutionListener@208ec032, org.springframework.boot.test.mock.mockito.ResetMocksTestExecutionListener@5edabc1d]
Hibernate: select board0_.board_code as board_co1_0_0_, board0_.board_name as board_na2_0_0_ from board board0_ where board0_.board_code=?
Hibernate: insert into board (board_name, board_code) values (?, ?)
Hibernate: select board_.board_code, board_.board_name as board_na2_0_ from board board_ where board_.board_code=?
Hibernate: insert into board_question (board_code, content, image_codes, reply_count, title, user_code, view_count) values (?, ?, ?, ?, ?, ?, ?)
Hibernate: insert into reply (board_code, content, image_code, post_no, user_code) values (?, ?, ?, ?, ?)
Hibernate: select reply0_.reply_no as reply_no1_7_, reply0_.board_code as board_co2_7_, reply0_.content as content3_7_, reply0_.image_code as image_co4_7_, reply0_.post_no as post_no5_7_, reply0_.user_code as user_cod6_7_ from reply reply0_
Hibernate: select reply0_.reply_no as reply_no1_7_, reply0_.board_code as board_co2_7_, reply0_.content as content3_7_, reply0_.image_code as image_co4_7_, reply0_.post_no as post_no5_7_, reply0_.user_code as user_cod6_7_ from reply reply0_
Hibernate: delete from reply where reply_no=?
Hibernate: select boardquest0_.post_no as post_no1_3_, boardquest0_.board_code as board_co8_3_, boardquest0_.content as content2_3_, boardquest0_.image_codes as image_co3_3_, boardquest0_.reply_count as reply_co4_3_, boardquest0_.title as title5_3_, boardquest0_.user_code as user_cod6_3_, boardquest0_.view_count as view_cou7_3_ from board_question boardquest0_
Hibernate: select board0_.board_code as board_co1_0_0_, board0_.board_name as board_na2_0_0_ from board board0_ where board0_.board_code=?
Hibernate: delete from board_question where post_no=?
Hibernate: select board0_.board_code as board_co1_0_, board0_.board_name as board_na2_0_ from board board0_
Hibernate: delete from board where board_code=?
]]></system-out>
  <system-err><![CDATA[]]></system-err>
</testsuite>
