<?xml version="1.0" encoding="UTF-8"?>
<testsuite name="com.ksk.project.study_with_me.domain.boardPlaceRecommendation.BoardPlaceRecommendationTest" tests="1" skipped="0" failures="0" errors="0" timestamp="2020-08-17T08:26:34" hostname="DESKTOP-637NALB" time="0.029">
  <properties/>
  <testcase name="스터디장소추천게시글저장_불러오기" classname="com.ksk.project.study_with_me.domain.boardPlaceRecommendation.BoardPlaceRecommendationTest" time="0.029"/>
  <system-out><![CDATA[2020-08-17 17:26:34.465  INFO 3372 --- [    Test worker] .b.t.c.SpringBootTestContextBootstrapper : Neither @ContextConfiguration nor @ContextHierarchy found for test class [com.ksk.project.study_with_me.domain.boardPlaceRecommendation.BoardPlaceRecommendationTest], using SpringBootContextLoader
2020-08-17 17:26:34.467  INFO 3372 --- [    Test worker] o.s.t.c.support.AbstractContextLoader    : Could not detect default resource locations for test class [com.ksk.project.study_with_me.domain.boardPlaceRecommendation.BoardPlaceRecommendationTest]: no resource found for suffixes {-context.xml, Context.groovy}.
2020-08-17 17:26:34.467  INFO 3372 --- [    Test worker] t.c.s.AnnotationConfigContextLoaderUtils : Could not detect default configuration classes for test class [com.ksk.project.study_with_me.domain.boardPlaceRecommendation.BoardPlaceRecommendationTest]: BoardPlaceRecommendationTest does not declare any static, non-private, non-final, nested classes annotated with @Configuration.
2020-08-17 17:26:34.484  INFO 3372 --- [    Test worker] .b.t.c.SpringBootTestContextBootstrapper : Found @SpringBootConfiguration com.ksk.project.study_with_me.Application for test class com.ksk.project.study_with_me.domain.boardPlaceRecommendation.BoardPlaceRecommendationTest
2020-08-17 17:26:34.487  INFO 3372 --- [    Test worker] .b.t.c.SpringBootTestContextBootstrapper : Loaded default TestExecutionListener class names from location [META-INF/spring.factories]: [org.springframework.boot.test.autoconfigure.restdocs.RestDocsTestExecutionListener, org.springframework.boot.test.autoconfigure.web.client.MockRestServiceServerResetTestExecutionListener, org.springframework.boot.test.autoconfigure.web.servlet.MockMvcPrintOnlyOnFailureTestExecutionListener, org.springframework.boot.test.autoconfigure.web.servlet.WebDriverTestExecutionListener, org.springframework.boot.test.mock.mockito.MockitoTestExecutionListener, org.springframework.boot.test.mock.mockito.ResetMocksTestExecutionListener, org.springframework.test.context.web.ServletTestExecutionListener, org.springframework.test.context.support.DirtiesContextBeforeModesTestExecutionListener, org.springframework.test.context.support.DependencyInjectionTestExecutionListener, org.springframework.test.context.support.DirtiesContextTestExecutionListener, org.springframework.test.context.transaction.TransactionalTestExecutionListener, org.springframework.test.context.jdbc.SqlScriptsTestExecutionListener]
2020-08-17 17:26:34.488  INFO 3372 --- [    Test worker] .b.t.c.SpringBootTestContextBootstrapper : Using TestExecutionListeners: [org.springframework.test.context.web.ServletTestExecutionListener@56b671e6, org.springframework.test.context.support.DirtiesContextBeforeModesTestExecutionListener@3253f615, org.springframework.boot.test.mock.mockito.MockitoTestExecutionListener@74e601c7, org.springframework.boot.test.autoconfigure.SpringBootDependencyInjectionTestExecutionListener@517bfefd, org.springframework.test.context.support.DirtiesContextTestExecutionListener@34279c75, org.springframework.test.context.transaction.TransactionalTestExecutionListener@19e937ba, org.springframework.test.context.jdbc.SqlScriptsTestExecutionListener@5d45f579, org.springframework.boot.test.autoconfigure.restdocs.RestDocsTestExecutionListener@53c7743a, org.springframework.boot.test.autoconfigure.web.client.MockRestServiceServerResetTestExecutionListener@5b8b9e03, org.springframework.boot.test.autoconfigure.web.servlet.MockMvcPrintOnlyOnFailureTestExecutionListener@b0f262f, org.springframework.boot.test.autoconfigure.web.servlet.WebDriverTestExecutionListener@7913e40a, org.springframework.boot.test.mock.mockito.ResetMocksTestExecutionListener@119d29b6]
Hibernate: select board0_.board_code as board_co1_0_0_, board0_.board_name as board_na2_0_0_ from board board0_ where board0_.board_code=?
Hibernate: insert into board (board_name, board_code) values (?, ?)
Hibernate: select board_.board_code, board_.board_name as board_na2_0_ from board board_ where board_.board_code=?
Hibernate: insert into board_place_recommendation (address, board_code, dislike_count, image_codes, like_count, thumbnail_image_code, title, user_code, view_count) values (?, ?, ?, ?, ?, ?, ?, ?, ?)
Hibernate: select boardplace0_.post_no as post_no1_2_, boardplace0_.address as address2_2_, boardplace0_.board_code as board_c10_2_, boardplace0_.dislike_count as dislike_3_2_, boardplace0_.image_codes as image_co4_2_, boardplace0_.like_count as like_cou5_2_, boardplace0_.thumbnail_image_code as thumbnai6_2_, boardplace0_.title as title7_2_, boardplace0_.user_code as user_cod8_2_, boardplace0_.view_count as view_cou9_2_ from board_place_recommendation boardplace0_
Hibernate: select board0_.board_code as board_co1_0_0_, board0_.board_name as board_na2_0_0_ from board board0_ where board0_.board_code=?
Hibernate: select boardplace0_.post_no as post_no1_2_, boardplace0_.address as address2_2_, boardplace0_.board_code as board_c10_2_, boardplace0_.dislike_count as dislike_3_2_, boardplace0_.image_codes as image_co4_2_, boardplace0_.like_count as like_cou5_2_, boardplace0_.thumbnail_image_code as thumbnai6_2_, boardplace0_.title as title7_2_, boardplace0_.user_code as user_cod8_2_, boardplace0_.view_count as view_cou9_2_ from board_place_recommendation boardplace0_
Hibernate: select board0_.board_code as board_co1_0_0_, board0_.board_name as board_na2_0_0_ from board board0_ where board0_.board_code=?
Hibernate: delete from board_place_recommendation where post_no=?
Hibernate: select board0_.board_code as board_co1_0_, board0_.board_name as board_na2_0_ from board board0_
Hibernate: delete from board where board_code=?
]]></system-out>
  <system-err><![CDATA[]]></system-err>
</testsuite>
