<?xml version="1.0" encoding="UTF-8"?>
<testsuite name="com.ksk.project.study_with_me.domain.boardQuestion.BoardQuestionTest" tests="1" skipped="0" failures="0" errors="0" timestamp="2020-08-19T13:02:05" hostname="DESKTOP-637NALB" time="0.068">
  <properties/>
  <testcase name="질문게시글저장_불러오기" classname="com.ksk.project.study_with_me.domain.boardQuestion.BoardQuestionTest" time="0.068"/>
  <system-out><![CDATA[2020-08-19 22:02:05.166  INFO 24028 --- [    Test worker] .b.t.c.SpringBootTestContextBootstrapper : Neither @ContextConfiguration nor @ContextHierarchy found for test class [com.ksk.project.study_with_me.domain.boardQuestion.BoardQuestionTest], using SpringBootContextLoader
2020-08-19 22:02:05.170  INFO 24028 --- [    Test worker] o.s.t.c.support.AbstractContextLoader    : Could not detect default resource locations for test class [com.ksk.project.study_with_me.domain.boardQuestion.BoardQuestionTest]: no resource found for suffixes {-context.xml, Context.groovy}.
2020-08-19 22:02:05.170  INFO 24028 --- [    Test worker] t.c.s.AnnotationConfigContextLoaderUtils : Could not detect default configuration classes for test class [com.ksk.project.study_with_me.domain.boardQuestion.BoardQuestionTest]: BoardQuestionTest does not declare any static, non-private, non-final, nested classes annotated with @Configuration.
2020-08-19 22:02:05.206  INFO 24028 --- [    Test worker] .b.t.c.SpringBootTestContextBootstrapper : Found @SpringBootConfiguration com.ksk.project.study_with_me.Application for test class com.ksk.project.study_with_me.domain.boardQuestion.BoardQuestionTest
2020-08-19 22:02:05.212  INFO 24028 --- [    Test worker] .b.t.c.SpringBootTestContextBootstrapper : Loaded default TestExecutionListener class names from location [META-INF/spring.factories]: [org.springframework.security.test.context.support.WithSecurityContextTestExecutionListener, org.springframework.security.test.context.support.ReactorContextTestExecutionListener, org.springframework.boot.test.autoconfigure.restdocs.RestDocsTestExecutionListener, org.springframework.boot.test.autoconfigure.web.client.MockRestServiceServerResetTestExecutionListener, org.springframework.boot.test.autoconfigure.web.servlet.MockMvcPrintOnlyOnFailureTestExecutionListener, org.springframework.boot.test.autoconfigure.web.servlet.WebDriverTestExecutionListener, org.springframework.boot.test.mock.mockito.MockitoTestExecutionListener, org.springframework.boot.test.mock.mockito.ResetMocksTestExecutionListener, org.springframework.test.context.web.ServletTestExecutionListener, org.springframework.test.context.support.DirtiesContextBeforeModesTestExecutionListener, org.springframework.test.context.support.DependencyInjectionTestExecutionListener, org.springframework.test.context.support.DirtiesContextTestExecutionListener, org.springframework.test.context.transaction.TransactionalTestExecutionListener, org.springframework.test.context.jdbc.SqlScriptsTestExecutionListener]
2020-08-19 22:02:05.216  INFO 24028 --- [    Test worker] .b.t.c.SpringBootTestContextBootstrapper : Using TestExecutionListeners: [org.springframework.test.context.web.ServletTestExecutionListener@71a5bd8, org.springframework.test.context.support.DirtiesContextBeforeModesTestExecutionListener@763fbe00, org.springframework.boot.test.mock.mockito.MockitoTestExecutionListener@21bbfa10, org.springframework.boot.test.autoconfigure.SpringBootDependencyInjectionTestExecutionListener@2ee05746, org.springframework.test.context.support.DirtiesContextTestExecutionListener@7bf10dd9, org.springframework.test.context.transaction.TransactionalTestExecutionListener@70356319, org.springframework.test.context.jdbc.SqlScriptsTestExecutionListener@ea06c75, org.springframework.security.test.context.support.WithSecurityContextTestExecutionListener@22d65080, org.springframework.security.test.context.support.ReactorContextTestExecutionListener@513a0ec6, org.springframework.boot.test.autoconfigure.restdocs.RestDocsTestExecutionListener@a4c8253, org.springframework.boot.test.autoconfigure.web.client.MockRestServiceServerResetTestExecutionListener@78284ab, org.springframework.boot.test.autoconfigure.web.servlet.MockMvcPrintOnlyOnFailureTestExecutionListener@1740868b, org.springframework.boot.test.autoconfigure.web.servlet.WebDriverTestExecutionListener@168de69b, org.springframework.boot.test.mock.mockito.ResetMocksTestExecutionListener@78bda003]
Hibernate: select board0_.board_code as board_co1_0_0_, board0_.board_name as board_na2_0_0_ from board board0_ where board0_.board_code=?
Hibernate: insert into board (board_name, board_code) values (?, ?)
Hibernate: select board_.board_code, board_.board_name as board_na2_0_ from board board_ where board_.board_code=?
Hibernate: insert into board_question (board_code, content, image_codes, reply_count, title, user_code, view_count) values (?, ?, ?, ?, ?, ?, ?)
Hibernate: select boardquest0_.post_no as post_no1_3_, boardquest0_.board_code as board_co8_3_, boardquest0_.content as content2_3_, boardquest0_.image_codes as image_co3_3_, boardquest0_.reply_count as reply_co4_3_, boardquest0_.title as title5_3_, boardquest0_.user_code as user_cod6_3_, boardquest0_.view_count as view_cou7_3_ from board_question boardquest0_
Hibernate: select board0_.board_code as board_co1_0_0_, board0_.board_name as board_na2_0_0_ from board board0_ where board0_.board_code=?
Hibernate: select boardquest0_.post_no as post_no1_3_, boardquest0_.board_code as board_co8_3_, boardquest0_.content as content2_3_, boardquest0_.image_codes as image_co3_3_, boardquest0_.reply_count as reply_co4_3_, boardquest0_.title as title5_3_, boardquest0_.user_code as user_cod6_3_, boardquest0_.view_count as view_cou7_3_ from board_question boardquest0_
Hibernate: select board0_.board_code as board_co1_0_0_, board0_.board_name as board_na2_0_0_ from board board0_ where board0_.board_code=?
Hibernate: delete from board_question where post_no=?
Hibernate: select board0_.board_code as board_co1_0_, board0_.board_name as board_na2_0_ from board board0_
Hibernate: delete from board where board_code=?
]]></system-out>
  <system-err><![CDATA[]]></system-err>
</testsuite>
