<?xml version="1.0" encoding="UTF-8"?>
<testsuite name="com.ksk.project.study_with_me.domain.boardStudyRecruitment.BoardStudyRecruitmentTest" tests="1" skipped="0" failures="0" errors="0" timestamp="2020-08-17T08:26:34" hostname="DESKTOP-637NALB" time="0.037">
  <properties/>
  <testcase name="스터디모집게시글저장_불러오기" classname="com.ksk.project.study_with_me.domain.boardStudyRecruitment.BoardStudyRecruitmentTest" time="0.037"/>
  <system-out><![CDATA[2020-08-17 17:26:34.581  INFO 3372 --- [    Test worker] .b.t.c.SpringBootTestContextBootstrapper : Neither @ContextConfiguration nor @ContextHierarchy found for test class [com.ksk.project.study_with_me.domain.boardStudyRecruitment.BoardStudyRecruitmentTest], using SpringBootContextLoader
2020-08-17 17:26:34.583  INFO 3372 --- [    Test worker] o.s.t.c.support.AbstractContextLoader    : Could not detect default resource locations for test class [com.ksk.project.study_with_me.domain.boardStudyRecruitment.BoardStudyRecruitmentTest]: no resource found for suffixes {-context.xml, Context.groovy}.
2020-08-17 17:26:34.584  INFO 3372 --- [    Test worker] t.c.s.AnnotationConfigContextLoaderUtils : Could not detect default configuration classes for test class [com.ksk.project.study_with_me.domain.boardStudyRecruitment.BoardStudyRecruitmentTest]: BoardStudyRecruitmentTest does not declare any static, non-private, non-final, nested classes annotated with @Configuration.
2020-08-17 17:26:34.602  INFO 3372 --- [    Test worker] .b.t.c.SpringBootTestContextBootstrapper : Found @SpringBootConfiguration com.ksk.project.study_with_me.Application for test class com.ksk.project.study_with_me.domain.boardStudyRecruitment.BoardStudyRecruitmentTest
2020-08-17 17:26:34.604  INFO 3372 --- [    Test worker] .b.t.c.SpringBootTestContextBootstrapper : Loaded default TestExecutionListener class names from location [META-INF/spring.factories]: [org.springframework.boot.test.autoconfigure.restdocs.RestDocsTestExecutionListener, org.springframework.boot.test.autoconfigure.web.client.MockRestServiceServerResetTestExecutionListener, org.springframework.boot.test.autoconfigure.web.servlet.MockMvcPrintOnlyOnFailureTestExecutionListener, org.springframework.boot.test.autoconfigure.web.servlet.WebDriverTestExecutionListener, org.springframework.boot.test.mock.mockito.MockitoTestExecutionListener, org.springframework.boot.test.mock.mockito.ResetMocksTestExecutionListener, org.springframework.test.context.web.ServletTestExecutionListener, org.springframework.test.context.support.DirtiesContextBeforeModesTestExecutionListener, org.springframework.test.context.support.DependencyInjectionTestExecutionListener, org.springframework.test.context.support.DirtiesContextTestExecutionListener, org.springframework.test.context.transaction.TransactionalTestExecutionListener, org.springframework.test.context.jdbc.SqlScriptsTestExecutionListener]
2020-08-17 17:26:34.605  INFO 3372 --- [    Test worker] .b.t.c.SpringBootTestContextBootstrapper : Using TestExecutionListeners: [org.springframework.test.context.web.ServletTestExecutionListener@3de36d46, org.springframework.test.context.support.DirtiesContextBeforeModesTestExecutionListener@47577f98, org.springframework.boot.test.mock.mockito.MockitoTestExecutionListener@4761f752, org.springframework.boot.test.autoconfigure.SpringBootDependencyInjectionTestExecutionListener@2fc37041, org.springframework.test.context.support.DirtiesContextTestExecutionListener@9ecb1a2, org.springframework.test.context.transaction.TransactionalTestExecutionListener@753ba4b8, org.springframework.test.context.jdbc.SqlScriptsTestExecutionListener@3da8162a, org.springframework.boot.test.autoconfigure.restdocs.RestDocsTestExecutionListener@95d28a6, org.springframework.boot.test.autoconfigure.web.client.MockRestServiceServerResetTestExecutionListener@6550f98e, org.springframework.boot.test.autoconfigure.web.servlet.MockMvcPrintOnlyOnFailureTestExecutionListener@4de69ff8, org.springframework.boot.test.autoconfigure.web.servlet.WebDriverTestExecutionListener@3082c928, org.springframework.boot.test.mock.mockito.ResetMocksTestExecutionListener@50facf86]
Hibernate: select board0_.board_code as board_co1_0_0_, board0_.board_name as board_na2_0_0_ from board board0_ where board0_.board_code=?
Hibernate: insert into board (board_name, board_code) values (?, ?)
Hibernate: select board_.board_code, board_.board_name as board_na2_0_ from board board_ where board_.board_code=?
Hibernate: insert into board_study_recruitment (board_code, condition_capacity, condition_end_date, condition_explanation, condition_languages, condition_region, condition_start_date, reply_count, title, user_code, view_count) values (?, ?, ?, ?, ?, ?, ?, ?, ?, ?, ?)
Hibernate: select boardstudy0_.post_no as post_no1_4_, boardstudy0_.board_code as board_c12_4_, boardstudy0_.condition_capacity as conditio2_4_, boardstudy0_.condition_end_date as conditio3_4_, boardstudy0_.condition_explanation as conditio4_4_, boardstudy0_.condition_languages as conditio5_4_, boardstudy0_.condition_region as conditio6_4_, boardstudy0_.condition_start_date as conditio7_4_, boardstudy0_.reply_count as reply_co8_4_, boardstudy0_.title as title9_4_, boardstudy0_.user_code as user_co10_4_, boardstudy0_.view_count as view_co11_4_ from board_study_recruitment boardstudy0_
Hibernate: select board0_.board_code as board_co1_0_0_, board0_.board_name as board_na2_0_0_ from board board0_ where board0_.board_code=?
Hibernate: select boardstudy0_.post_no as post_no1_4_, boardstudy0_.board_code as board_c12_4_, boardstudy0_.condition_capacity as conditio2_4_, boardstudy0_.condition_end_date as conditio3_4_, boardstudy0_.condition_explanation as conditio4_4_, boardstudy0_.condition_languages as conditio5_4_, boardstudy0_.condition_region as conditio6_4_, boardstudy0_.condition_start_date as conditio7_4_, boardstudy0_.reply_count as reply_co8_4_, boardstudy0_.title as title9_4_, boardstudy0_.user_code as user_co10_4_, boardstudy0_.view_count as view_co11_4_ from board_study_recruitment boardstudy0_
Hibernate: select board0_.board_code as board_co1_0_0_, board0_.board_name as board_na2_0_0_ from board board0_ where board0_.board_code=?
Hibernate: delete from board_study_recruitment where post_no=?
Hibernate: select board0_.board_code as board_co1_0_, board0_.board_name as board_na2_0_ from board board0_
Hibernate: delete from board where board_code=?
]]></system-out>
  <system-err><![CDATA[]]></system-err>
</testsuite>
