<?xml version="1.0" encoding="UTF-8"?>
<testsuite name="com.ksk.project.study_with_me.domain.like.IsLikeTest" tests="1" skipped="0" failures="0" errors="0" timestamp="2020-08-17T08:26:34" hostname="DESKTOP-637NALB" time="0.046">
  <properties/>
  <testcase name="좋아요저장_불러오기" classname="com.ksk.project.study_with_me.domain.like.IsLikeTest" time="0.046"/>
  <system-out><![CDATA[2020-08-17 17:26:34.652  INFO 3372 --- [    Test worker] .b.t.c.SpringBootTestContextBootstrapper : Neither @ContextConfiguration nor @ContextHierarchy found for test class [com.ksk.project.study_with_me.domain.like.IsLikeTest], using SpringBootContextLoader
2020-08-17 17:26:34.654  INFO 3372 --- [    Test worker] o.s.t.c.support.AbstractContextLoader    : Could not detect default resource locations for test class [com.ksk.project.study_with_me.domain.like.IsLikeTest]: no resource found for suffixes {-context.xml, Context.groovy}.
2020-08-17 17:26:34.654  INFO 3372 --- [    Test worker] t.c.s.AnnotationConfigContextLoaderUtils : Could not detect default configuration classes for test class [com.ksk.project.study_with_me.domain.like.IsLikeTest]: IsLikeTest does not declare any static, non-private, non-final, nested classes annotated with @Configuration.
2020-08-17 17:26:34.677  INFO 3372 --- [    Test worker] .b.t.c.SpringBootTestContextBootstrapper : Found @SpringBootConfiguration com.ksk.project.study_with_me.Application for test class com.ksk.project.study_with_me.domain.like.IsLikeTest
2020-08-17 17:26:34.684  INFO 3372 --- [    Test worker] .b.t.c.SpringBootTestContextBootstrapper : Loaded default TestExecutionListener class names from location [META-INF/spring.factories]: [org.springframework.boot.test.autoconfigure.restdocs.RestDocsTestExecutionListener, org.springframework.boot.test.autoconfigure.web.client.MockRestServiceServerResetTestExecutionListener, org.springframework.boot.test.autoconfigure.web.servlet.MockMvcPrintOnlyOnFailureTestExecutionListener, org.springframework.boot.test.autoconfigure.web.servlet.WebDriverTestExecutionListener, org.springframework.boot.test.mock.mockito.MockitoTestExecutionListener, org.springframework.boot.test.mock.mockito.ResetMocksTestExecutionListener, org.springframework.test.context.web.ServletTestExecutionListener, org.springframework.test.context.support.DirtiesContextBeforeModesTestExecutionListener, org.springframework.test.context.support.DependencyInjectionTestExecutionListener, org.springframework.test.context.support.DirtiesContextTestExecutionListener, org.springframework.test.context.transaction.TransactionalTestExecutionListener, org.springframework.test.context.jdbc.SqlScriptsTestExecutionListener]
2020-08-17 17:26:34.684  INFO 3372 --- [    Test worker] .b.t.c.SpringBootTestContextBootstrapper : Using TestExecutionListeners: [org.springframework.test.context.web.ServletTestExecutionListener@2e8abb28, org.springframework.test.context.support.DirtiesContextBeforeModesTestExecutionListener@10b358d8, org.springframework.boot.test.mock.mockito.MockitoTestExecutionListener@1e82dc30, org.springframework.boot.test.autoconfigure.SpringBootDependencyInjectionTestExecutionListener@1bd397c, org.springframework.test.context.support.DirtiesContextTestExecutionListener@7a958198, org.springframework.test.context.transaction.TransactionalTestExecutionListener@706a738a, org.springframework.test.context.jdbc.SqlScriptsTestExecutionListener@780142eb, org.springframework.boot.test.autoconfigure.restdocs.RestDocsTestExecutionListener@101fe24e, org.springframework.boot.test.autoconfigure.web.client.MockRestServiceServerResetTestExecutionListener@46d03894, org.springframework.boot.test.autoconfigure.web.servlet.MockMvcPrintOnlyOnFailureTestExecutionListener@6505e5e7, org.springframework.boot.test.autoconfigure.web.servlet.WebDriverTestExecutionListener@1761e5b6, org.springframework.boot.test.mock.mockito.ResetMocksTestExecutionListener@78837886]
Hibernate: select board0_.board_code as board_co1_0_0_, board0_.board_name as board_na2_0_0_ from board board0_ where board0_.board_code=?
Hibernate: insert into board (board_name, board_code) values (?, ?)
Hibernate: select islike0_.user_code as user_cod1_6_0_, islike0_.board_code as board_co2_6_0_, islike0_.is_like as is_like3_6_0_ from is_like islike0_ where islike0_.user_code=? and islike0_.board_code=?
Hibernate: insert into is_like (is_like, user_code, board_code) values (?, ?, ?)
Hibernate: select islike0_.user_code as user_cod1_6_, islike0_.board_code as board_co2_6_, islike0_.is_like as is_like3_6_ from is_like islike0_
Hibernate: select board0_.board_code as board_co1_0_0_, board0_.board_name as board_na2_0_0_ from board board0_ where board0_.board_code=?
Hibernate: select islike0_.user_code as user_cod1_6_, islike0_.board_code as board_co2_6_, islike0_.is_like as is_like3_6_ from is_like islike0_
Hibernate: select board0_.board_code as board_co1_0_0_, board0_.board_name as board_na2_0_0_ from board board0_ where board0_.board_code=?
Hibernate: delete from is_like where user_code=? and board_code=?
Hibernate: select board0_.board_code as board_co1_0_, board0_.board_name as board_na2_0_ from board board0_
Hibernate: delete from board where board_code=?
]]></system-out>
  <system-err><![CDATA[]]></system-err>
</testsuite>
