<?xml version="1.0" encoding="UTF-8"?>
<testsuite name="com.ksk.project.study_with_me.web.HelloControllerTest" tests="2" skipped="0" failures="0" errors="0" timestamp="2020-08-17T08:26:36" hostname="DESKTOP-637NALB" time="0.253">
  <properties/>
  <testcase name="hello가_리턴된다" classname="com.ksk.project.study_with_me.web.HelloControllerTest" time="0.104"/>
  <testcase name="helloDto가_리턴된다" classname="com.ksk.project.study_with_me.web.HelloControllerTest" time="0.148"/>
  <system-out><![CDATA[2020-08-17 17:26:34.877  INFO 3372 --- [    Test worker] .b.t.a.w.s.WebMvcTestContextBootstrapper : Neither @ContextConfiguration nor @ContextHierarchy found for test class [com.ksk.project.study_with_me.web.HelloControllerTest], using SpringBootContextLoader
2020-08-17 17:26:34.879  INFO 3372 --- [    Test worker] o.s.t.c.support.AbstractContextLoader    : Could not detect default resource locations for test class [com.ksk.project.study_with_me.web.HelloControllerTest]: no resource found for suffixes {-context.xml, Context.groovy}.
2020-08-17 17:26:34.879  INFO 3372 --- [    Test worker] t.c.s.AnnotationConfigContextLoaderUtils : Could not detect default configuration classes for test class [com.ksk.project.study_with_me.web.HelloControllerTest]: HelloControllerTest does not declare any static, non-private, non-final, nested classes annotated with @Configuration.
2020-08-17 17:26:34.933  INFO 3372 --- [    Test worker] .b.t.c.SpringBootTestContextBootstrapper : Found @SpringBootConfiguration com.ksk.project.study_with_me.Application for test class com.ksk.project.study_with_me.web.HelloControllerTest
2020-08-17 17:26:34.934  INFO 3372 --- [    Test worker] .b.t.a.w.s.WebMvcTestContextBootstrapper : Loaded default TestExecutionListener class names from location [META-INF/spring.factories]: [org.springframework.boot.test.autoconfigure.restdocs.RestDocsTestExecutionListener, org.springframework.boot.test.autoconfigure.web.client.MockRestServiceServerResetTestExecutionListener, org.springframework.boot.test.autoconfigure.web.servlet.MockMvcPrintOnlyOnFailureTestExecutionListener, org.springframework.boot.test.autoconfigure.web.servlet.WebDriverTestExecutionListener, org.springframework.boot.test.mock.mockito.MockitoTestExecutionListener, org.springframework.boot.test.mock.mockito.ResetMocksTestExecutionListener, org.springframework.test.context.web.ServletTestExecutionListener, org.springframework.test.context.support.DirtiesContextBeforeModesTestExecutionListener, org.springframework.test.context.support.DependencyInjectionTestExecutionListener, org.springframework.test.context.support.DirtiesContextTestExecutionListener, org.springframework.test.context.transaction.TransactionalTestExecutionListener, org.springframework.test.context.jdbc.SqlScriptsTestExecutionListener]
2020-08-17 17:26:34.935  INFO 3372 --- [    Test worker] .b.t.a.w.s.WebMvcTestContextBootstrapper : Using TestExecutionListeners: [org.springframework.test.context.web.ServletTestExecutionListener@78adbecb, org.springframework.test.context.support.DirtiesContextBeforeModesTestExecutionListener@36229867, org.springframework.boot.test.mock.mockito.MockitoTestExecutionListener@2821df92, org.springframework.boot.test.autoconfigure.SpringBootDependencyInjectionTestExecutionListener@217f6276, org.springframework.test.context.support.DirtiesContextTestExecutionListener@3431db74, org.springframework.test.context.transaction.TransactionalTestExecutionListener@16f29c35, org.springframework.test.context.jdbc.SqlScriptsTestExecutionListener@30890c36, org.springframework.boot.test.autoconfigure.restdocs.RestDocsTestExecutionListener@6a3fa483, org.springframework.boot.test.autoconfigure.web.client.MockRestServiceServerResetTestExecutionListener@506f38cb, org.springframework.boot.test.autoconfigure.web.servlet.MockMvcPrintOnlyOnFailureTestExecutionListener@52fe05c7, org.springframework.boot.test.autoconfigure.web.servlet.WebDriverTestExecutionListener@2aee5b12, org.springframework.boot.test.mock.mockito.ResetMocksTestExecutionListener@3d62e970]

  .   ____          _            __ _ _
 /\\ / ___'_ __ _ _(_)_ __  __ _ \ \ \ \
( ( )\___ | '_ | '_| | '_ \/ _` | \ \ \ \
 \\/  ___)| |_)| | | | | || (_| |  ) ) ) )
  '  |____| .__|_| |_|_| |_\__, | / / / /
 =========|_|==============|___/=/_/_/_/
 :: Spring Boot ::        (v2.1.7.RELEASE)

2020-08-17 17:26:35.032  INFO 3372 --- [    Test worker] c.k.p.s.web.HelloControllerTest          : Starting HelloControllerTest on DESKTOP-637NALB with PID 3372 (started by KSK in C:\git\project_2020\study_with_me)
2020-08-17 17:26:35.034  INFO 3372 --- [    Test worker] c.k.p.s.web.HelloControllerTest          : No active profile set, falling back to default profiles: default
2020-08-17 17:26:35.715  INFO 3372 --- [    Test worker] o.s.s.concurrent.ThreadPoolTaskExecutor  : Initializing ExecutorService 'applicationTaskExecutor'
2020-08-17 17:26:35.773  INFO 3372 --- [    Test worker] o.s.b.a.w.s.WelcomePageHandlerMapping    : Adding welcome page template: index
2020-08-17 17:26:36.036  INFO 3372 --- [    Test worker] o.s.b.t.m.w.SpringBootMockServletContext : Initializing Spring TestDispatcherServlet ''
2020-08-17 17:26:36.036  INFO 3372 --- [    Test worker] o.s.t.web.servlet.TestDispatcherServlet  : Initializing Servlet ''
2020-08-17 17:26:36.057  INFO 3372 --- [    Test worker] o.s.t.web.servlet.TestDispatcherServlet  : Completed initialization in 21 ms
2020-08-17 17:26:36.090  INFO 3372 --- [    Test worker] c.k.p.s.web.HelloControllerTest          : Started HelloControllerTest in 1.147 seconds (JVM running for 13.921)
]]></system-out>
  <system-err><![CDATA[]]></system-err>
</testsuite>
