<?xml version="1.0" encoding="UTF-8"?>
<testsuite name="com.ksk.project.study_with_me.domain.boardPlaceRecommendation.BoardPlaceRecommendationTest" tests="1" skipped="0" failures="0" errors="0" timestamp="2020-08-20T03:52:46" hostname="DESKTOP-637NALB" time="0.044">
  <properties/>
  <testcase name="스터디장소추천게시글저장_불러오기" classname="com.ksk.project.study_with_me.domain.boardPlaceRecommendation.BoardPlaceRecommendationTest" time="0.044"/>
  <system-out><![CDATA[2020-08-20 12:52:46.596  INFO 7400 --- [    Test worker] .b.t.c.SpringBootTestContextBootstrapper : Neither @ContextConfiguration nor @ContextHierarchy found for test class [com.ksk.project.study_with_me.domain.boardPlaceRecommendation.BoardPlaceRecommendationTest], using SpringBootContextLoader
2020-08-20 12:52:46.598  INFO 7400 --- [    Test worker] o.s.t.c.support.AbstractContextLoader    : Could not detect default resource locations for test class [com.ksk.project.study_with_me.domain.boardPlaceRecommendation.BoardPlaceRecommendationTest]: no resource found for suffixes {-context.xml, Context.groovy}.
2020-08-20 12:52:46.599  INFO 7400 --- [    Test worker] t.c.s.AnnotationConfigContextLoaderUtils : Could not detect default configuration classes for test class [com.ksk.project.study_with_me.domain.boardPlaceRecommendation.BoardPlaceRecommendationTest]: BoardPlaceRecommendationTest does not declare any static, non-private, non-final, nested classes annotated with @Configuration.
2020-08-20 12:52:46.624  INFO 7400 --- [    Test worker] .b.t.c.SpringBootTestContextBootstrapper : Found @SpringBootConfiguration com.ksk.project.study_with_me.Application for test class com.ksk.project.study_with_me.domain.boardPlaceRecommendation.BoardPlaceRecommendationTest
2020-08-20 12:52:46.633  INFO 7400 --- [    Test worker] .b.t.c.SpringBootTestContextBootstrapper : Loaded default TestExecutionListener class names from location [META-INF/spring.factories]: [org.springframework.security.test.context.support.WithSecurityContextTestExecutionListener, org.springframework.security.test.context.support.ReactorContextTestExecutionListener, org.springframework.boot.test.autoconfigure.restdocs.RestDocsTestExecutionListener, org.springframework.boot.test.autoconfigure.web.client.MockRestServiceServerResetTestExecutionListener, org.springframework.boot.test.autoconfigure.web.servlet.MockMvcPrintOnlyOnFailureTestExecutionListener, org.springframework.boot.test.autoconfigure.web.servlet.WebDriverTestExecutionListener, org.springframework.boot.test.mock.mockito.MockitoTestExecutionListener, org.springframework.boot.test.mock.mockito.ResetMocksTestExecutionListener, org.springframework.test.context.web.ServletTestExecutionListener, org.springframework.test.context.support.DirtiesContextBeforeModesTestExecutionListener, org.springframework.test.context.support.DependencyInjectionTestExecutionListener, org.springframework.test.context.support.DirtiesContextTestExecutionListener, org.springframework.test.context.transaction.TransactionalTestExecutionListener, org.springframework.test.context.jdbc.SqlScriptsTestExecutionListener]
2020-08-20 12:52:46.636  INFO 7400 --- [    Test worker] .b.t.c.SpringBootTestContextBootstrapper : Using TestExecutionListeners: [org.springframework.test.context.web.ServletTestExecutionListener@7a937bb4, org.springframework.test.context.support.DirtiesContextBeforeModesTestExecutionListener@56e461b9, org.springframework.boot.test.mock.mockito.MockitoTestExecutionListener@91a1f53, org.springframework.boot.test.autoconfigure.SpringBootDependencyInjectionTestExecutionListener@515e61bd, org.springframework.test.context.support.DirtiesContextTestExecutionListener@3071fef9, org.springframework.test.context.transaction.TransactionalTestExecutionListener@45edb8e7, org.springframework.test.context.jdbc.SqlScriptsTestExecutionListener@1c54d78e, org.springframework.security.test.context.support.WithSecurityContextTestExecutionListener@3ea50e30, org.springframework.security.test.context.support.ReactorContextTestExecutionListener@19ca92b, org.springframework.boot.test.autoconfigure.restdocs.RestDocsTestExecutionListener@299e037f, org.springframework.boot.test.autoconfigure.web.client.MockRestServiceServerResetTestExecutionListener@13cc4965, org.springframework.boot.test.autoconfigure.web.servlet.MockMvcPrintOnlyOnFailureTestExecutionListener@58e01a2, org.springframework.boot.test.autoconfigure.web.servlet.WebDriverTestExecutionListener@61bf25c9, org.springframework.boot.test.mock.mockito.ResetMocksTestExecutionListener@38e3477a]
Hibernate: select board0_.board_code as board_co1_0_0_, board0_.board_name as board_na2_0_0_ from board board0_ where board0_.board_code=?
Hibernate: insert into board (board_name, board_code) values (?, ?)
Hibernate: select board_.board_code, board_.board_name as board_na2_0_ from board board_ where board_.board_code=?
Hibernate: insert into board_place_recommendation (address, board_code, dislike_count, image_codes, like_count, thumbnail_image_code, title, user_code, view_count) values (?, ?, ?, ?, ?, ?, ?, ?, ?)
Hibernate: select boardplace0_.post_no as post_no1_2_, boardplace0_.address as address2_2_, boardplace0_.board_code as board_c10_2_, boardplace0_.dislike_count as dislike_3_2_, boardplace0_.image_codes as image_co4_2_, boardplace0_.like_count as like_cou5_2_, boardplace0_.thumbnail_image_code as thumbnai6_2_, boardplace0_.title as title7_2_, boardplace0_.user_code as user_cod8_2_, boardplace0_.view_count as view_cou9_2_ from board_place_recommendation boardplace0_
Hibernate: select board0_.board_code as board_co1_0_0_, board0_.board_name as board_na2_0_0_ from board board0_ where board0_.board_code=?
Hibernate: select boardplace0_.post_no as post_no1_2_, boardplace0_.address as address2_2_, boardplace0_.board_code as board_c10_2_, boardplace0_.dislike_count as dislike_3_2_, boardplace0_.image_codes as image_co4_2_, boardplace0_.like_count as like_cou5_2_, boardplace0_.thumbnail_image_code as thumbnai6_2_, boardplace0_.title as title7_2_, boardplace0_.user_code as user_cod8_2_, boardplace0_.view_count as view_cou9_2_ from board_place_recommendation boardplace0_
Hibernate: select board0_.board_code as board_co1_0_0_, board0_.board_name as board_na2_0_0_ from board board0_ where board0_.board_code=?
Hibernate: delete from board_place_recommendation where post_no=?
Hibernate: select board0_.board_code as board_co1_0_, board0_.board_name as board_na2_0_ from board board0_
Hibernate: delete from board where board_code=?
]]></system-out>
  <system-err><![CDATA[]]></system-err>
</testsuite>
