<?xml version="1.0" encoding="UTF-8"?>
<testsuite name="com.ksk.project.study_with_me.web.HelloControllerTest" tests="2" skipped="0" failures="0" errors="0" timestamp="2020-08-20T03:52:49" hostname="DESKTOP-637NALB" time="0.283">
  <properties/>
  <testcase name="hello가_리턴된다" classname="com.ksk.project.study_with_me.web.HelloControllerTest" time="0.125"/>
  <testcase name="helloDto가_리턴된다" classname="com.ksk.project.study_with_me.web.HelloControllerTest" time="0.157"/>
  <system-out><![CDATA[2020-08-20 12:52:47.117  INFO 7400 --- [    Test worker] .b.t.a.w.s.WebMvcTestContextBootstrapper : Neither @ContextConfiguration nor @ContextHierarchy found for test class [com.ksk.project.study_with_me.web.HelloControllerTest], using SpringBootContextLoader
2020-08-20 12:52:47.119  INFO 7400 --- [    Test worker] o.s.t.c.support.AbstractContextLoader    : Could not detect default resource locations for test class [com.ksk.project.study_with_me.web.HelloControllerTest]: no resource found for suffixes {-context.xml, Context.groovy}.
2020-08-20 12:52:47.120  INFO 7400 --- [    Test worker] t.c.s.AnnotationConfigContextLoaderUtils : Could not detect default configuration classes for test class [com.ksk.project.study_with_me.web.HelloControllerTest]: HelloControllerTest does not declare any static, non-private, non-final, nested classes annotated with @Configuration.
2020-08-20 12:52:47.170  INFO 7400 --- [    Test worker] .b.t.c.SpringBootTestContextBootstrapper : Found @SpringBootConfiguration com.ksk.project.study_with_me.Application for test class com.ksk.project.study_with_me.web.HelloControllerTest
2020-08-20 12:52:47.171  INFO 7400 --- [    Test worker] .b.t.a.w.s.WebMvcTestContextBootstrapper : Loaded default TestExecutionListener class names from location [META-INF/spring.factories]: [org.springframework.security.test.context.support.WithSecurityContextTestExecutionListener, org.springframework.security.test.context.support.ReactorContextTestExecutionListener, org.springframework.boot.test.autoconfigure.restdocs.RestDocsTestExecutionListener, org.springframework.boot.test.autoconfigure.web.client.MockRestServiceServerResetTestExecutionListener, org.springframework.boot.test.autoconfigure.web.servlet.MockMvcPrintOnlyOnFailureTestExecutionListener, org.springframework.boot.test.autoconfigure.web.servlet.WebDriverTestExecutionListener, org.springframework.boot.test.mock.mockito.MockitoTestExecutionListener, org.springframework.boot.test.mock.mockito.ResetMocksTestExecutionListener, org.springframework.test.context.web.ServletTestExecutionListener, org.springframework.test.context.support.DirtiesContextBeforeModesTestExecutionListener, org.springframework.test.context.support.DependencyInjectionTestExecutionListener, org.springframework.test.context.support.DirtiesContextTestExecutionListener, org.springframework.test.context.transaction.TransactionalTestExecutionListener, org.springframework.test.context.jdbc.SqlScriptsTestExecutionListener]
2020-08-20 12:52:47.173  INFO 7400 --- [    Test worker] .b.t.a.w.s.WebMvcTestContextBootstrapper : Using TestExecutionListeners: [org.springframework.test.context.web.ServletTestExecutionListener@129eff8a, org.springframework.test.context.support.DirtiesContextBeforeModesTestExecutionListener@7d3e2744, org.springframework.boot.test.mock.mockito.MockitoTestExecutionListener@2a4242fe, org.springframework.boot.test.autoconfigure.SpringBootDependencyInjectionTestExecutionListener@5db83bb6, org.springframework.test.context.support.DirtiesContextTestExecutionListener@38bfed24, org.springframework.test.context.transaction.TransactionalTestExecutionListener@34b7f970, org.springframework.test.context.jdbc.SqlScriptsTestExecutionListener@c5a08aa, org.springframework.security.test.context.support.WithSecurityContextTestExecutionListener@1023e71c, org.springframework.security.test.context.support.ReactorContextTestExecutionListener@57b2fef1, org.springframework.boot.test.autoconfigure.restdocs.RestDocsTestExecutionListener@5cc5f10e, org.springframework.boot.test.autoconfigure.web.client.MockRestServiceServerResetTestExecutionListener@6bd64, org.springframework.boot.test.autoconfigure.web.servlet.MockMvcPrintOnlyOnFailureTestExecutionListener@f12b17f, org.springframework.boot.test.autoconfigure.web.servlet.WebDriverTestExecutionListener@4f97931a, org.springframework.boot.test.mock.mockito.ResetMocksTestExecutionListener@3ca95667]

  .   ____          _            __ _ _
 /\\ / ___'_ __ _ _(_)_ __  __ _ \ \ \ \
( ( )\___ | '_ | '_| | '_ \/ _` | \ \ \ \
 \\/  ___)| |_)| | | | | || (_| |  ) ) ) )
  '  |____| .__|_| |_|_| |_\__, | / / / /
 =========|_|==============|___/=/_/_/_/
 :: Spring Boot ::        (v2.1.7.RELEASE)

2020-08-20 12:52:47.314  INFO 7400 --- [    Test worker] c.k.p.s.web.HelloControllerTest          : Starting HelloControllerTest on DESKTOP-637NALB with PID 7400 (started by KSK in C:\git\project_2020\study_with_me)
2020-08-20 12:52:47.314  INFO 7400 --- [    Test worker] c.k.p.s.web.HelloControllerTest          : The following profiles are active: oauth
2020-08-20 12:52:48.207  INFO 7400 --- [    Test worker] o.s.s.concurrent.ThreadPoolTaskExecutor  : Initializing ExecutorService 'applicationTaskExecutor'
2020-08-20 12:52:48.288  INFO 7400 --- [    Test worker] o.s.b.a.w.s.WelcomePageHandlerMapping    : Adding welcome page template: index
2020-08-20 12:52:48.761  INFO 7400 --- [    Test worker] .s.s.UserDetailsServiceAutoConfiguration : 

Using generated security password: e5a1a791-1ee2-43d5-b652-413fb67bc581

2020-08-20 12:52:49.017  INFO 7400 --- [    Test worker] o.s.s.web.DefaultSecurityFilterChain     : Creating filter chain: any request, [org.springframework.security.web.context.request.async.WebAsyncManagerIntegrationFilter@2fdc140e, org.springframework.security.web.context.SecurityContextPersistenceFilter@470824e7, org.springframework.security.web.header.HeaderWriterFilter@3c19ed78, org.springframework.security.web.csrf.CsrfFilter@3c2c87f4, org.springframework.security.web.authentication.logout.LogoutFilter@462c9f7b, org.springframework.security.web.authentication.UsernamePasswordAuthenticationFilter@14caa1fe, org.springframework.security.web.authentication.ui.DefaultLoginPageGeneratingFilter@393fe8f6, org.springframework.security.web.authentication.ui.DefaultLogoutPageGeneratingFilter@71f95387, org.springframework.security.web.authentication.www.BasicAuthenticationFilter@34f1ebda, org.springframework.security.web.savedrequest.RequestCacheAwareFilter@38ef1465, org.springframework.security.web.servletapi.SecurityContextHolderAwareRequestFilter@4b6e4c2d, org.springframework.security.web.authentication.AnonymousAuthenticationFilter@4aedc959, org.springframework.security.web.session.SessionManagementFilter@64d2de28, org.springframework.security.web.access.ExceptionTranslationFilter@2a5aa853, org.springframework.security.web.access.intercept.FilterSecurityInterceptor@1f5acf7]
2020-08-20 12:52:49.082  INFO 7400 --- [    Test worker] o.s.b.t.m.w.SpringBootMockServletContext : Initializing Spring TestDispatcherServlet ''
2020-08-20 12:52:49.083  INFO 7400 --- [    Test worker] o.s.t.web.servlet.TestDispatcherServlet  : Initializing Servlet ''
2020-08-20 12:52:49.107  INFO 7400 --- [    Test worker] o.s.t.web.servlet.TestDispatcherServlet  : Completed initialization in 24 ms
2020-08-20 12:52:49.162  INFO 7400 --- [    Test worker] c.k.p.s.web.HelloControllerTest          : Started HelloControllerTest in 1.983 seconds (JVM running for 17.575)
]]></system-out>
  <system-err><![CDATA[]]></system-err>
</testsuite>
