<?xml version="1.0" encoding="UTF-8"?>
<testsuite name="com.ksk.project.study_with_me.domain.boardStudyRecruitment.BoardStudyRecruitmentTest" tests="1" skipped="0" failures="0" errors="0" timestamp="2020-08-18T05:29:16" hostname="DESKTOP-637NALB" time="0.026">
  <properties/>
  <testcase name="스터디모집게시글저장_불러오기" classname="com.ksk.project.study_with_me.domain.boardStudyRecruitment.BoardStudyRecruitmentTest" time="0.026"/>
  <system-out><![CDATA[2020-08-18 14:29:16.126  INFO 17088 --- [    Test worker] .b.t.c.SpringBootTestContextBootstrapper : Neither @ContextConfiguration nor @ContextHierarchy found for test class [com.ksk.project.study_with_me.domain.boardStudyRecruitment.BoardStudyRecruitmentTest], using SpringBootContextLoader
2020-08-18 14:29:16.128  INFO 17088 --- [    Test worker] o.s.t.c.support.AbstractContextLoader    : Could not detect default resource locations for test class [com.ksk.project.study_with_me.domain.boardStudyRecruitment.BoardStudyRecruitmentTest]: no resource found for suffixes {-context.xml, Context.groovy}.
2020-08-18 14:29:16.128  INFO 17088 --- [    Test worker] t.c.s.AnnotationConfigContextLoaderUtils : Could not detect default configuration classes for test class [com.ksk.project.study_with_me.domain.boardStudyRecruitment.BoardStudyRecruitmentTest]: BoardStudyRecruitmentTest does not declare any static, non-private, non-final, nested classes annotated with @Configuration.
2020-08-18 14:29:16.142  INFO 17088 --- [    Test worker] .b.t.c.SpringBootTestContextBootstrapper : Found @SpringBootConfiguration com.ksk.project.study_with_me.Application for test class com.ksk.project.study_with_me.domain.boardStudyRecruitment.BoardStudyRecruitmentTest
2020-08-18 14:29:16.144  INFO 17088 --- [    Test worker] .b.t.c.SpringBootTestContextBootstrapper : Loaded default TestExecutionListener class names from location [META-INF/spring.factories]: [org.springframework.security.test.context.support.WithSecurityContextTestExecutionListener, org.springframework.security.test.context.support.ReactorContextTestExecutionListener, org.springframework.boot.test.autoconfigure.restdocs.RestDocsTestExecutionListener, org.springframework.boot.test.autoconfigure.web.client.MockRestServiceServerResetTestExecutionListener, org.springframework.boot.test.autoconfigure.web.servlet.MockMvcPrintOnlyOnFailureTestExecutionListener, org.springframework.boot.test.autoconfigure.web.servlet.WebDriverTestExecutionListener, org.springframework.boot.test.mock.mockito.MockitoTestExecutionListener, org.springframework.boot.test.mock.mockito.ResetMocksTestExecutionListener, org.springframework.test.context.web.ServletTestExecutionListener, org.springframework.test.context.support.DirtiesContextBeforeModesTestExecutionListener, org.springframework.test.context.support.DependencyInjectionTestExecutionListener, org.springframework.test.context.support.DirtiesContextTestExecutionListener, org.springframework.test.context.transaction.TransactionalTestExecutionListener, org.springframework.test.context.jdbc.SqlScriptsTestExecutionListener]
2020-08-18 14:29:16.146  INFO 17088 --- [    Test worker] .b.t.c.SpringBootTestContextBootstrapper : Using TestExecutionListeners: [org.springframework.test.context.web.ServletTestExecutionListener@3081b390, org.springframework.test.context.support.DirtiesContextBeforeModesTestExecutionListener@30c5a73, org.springframework.boot.test.mock.mockito.MockitoTestExecutionListener@613df005, org.springframework.boot.test.autoconfigure.SpringBootDependencyInjectionTestExecutionListener@9143cf0, org.springframework.test.context.support.DirtiesContextTestExecutionListener@34340371, org.springframework.test.context.transaction.TransactionalTestExecutionListener@550a0846, org.springframework.test.context.jdbc.SqlScriptsTestExecutionListener@5bb9673a, org.springframework.security.test.context.support.WithSecurityContextTestExecutionListener@73622301, org.springframework.security.test.context.support.ReactorContextTestExecutionListener@67598997, org.springframework.boot.test.autoconfigure.restdocs.RestDocsTestExecutionListener@6214f502, org.springframework.boot.test.autoconfigure.web.client.MockRestServiceServerResetTestExecutionListener@7204cecd, org.springframework.boot.test.autoconfigure.web.servlet.MockMvcPrintOnlyOnFailureTestExecutionListener@101c81a7, org.springframework.boot.test.autoconfigure.web.servlet.WebDriverTestExecutionListener@3ba2b702, org.springframework.boot.test.mock.mockito.ResetMocksTestExecutionListener@7edbe991]
Hibernate: select board0_.board_code as board_co1_0_0_, board0_.board_name as board_na2_0_0_ from board board0_ where board0_.board_code=?
Hibernate: insert into board (board_name, board_code) values (?, ?)
Hibernate: select board_.board_code, board_.board_name as board_na2_0_ from board board_ where board_.board_code=?
Hibernate: insert into board_study_recruitment (board_code, condition_capacity, condition_end_date, condition_explanation, condition_languages, condition_region, condition_start_date, reply_count, title, user_code, view_count) values (?, ?, ?, ?, ?, ?, ?, ?, ?, ?, ?)
Hibernate: select boardstudy0_.post_no as post_no1_4_, boardstudy0_.board_code as board_c12_4_, boardstudy0_.condition_capacity as conditio2_4_, boardstudy0_.condition_end_date as conditio3_4_, boardstudy0_.condition_explanation as conditio4_4_, boardstudy0_.condition_languages as conditio5_4_, boardstudy0_.condition_region as conditio6_4_, boardstudy0_.condition_start_date as conditio7_4_, boardstudy0_.reply_count as reply_co8_4_, boardstudy0_.title as title9_4_, boardstudy0_.user_code as user_co10_4_, boardstudy0_.view_count as view_co11_4_ from board_study_recruitment boardstudy0_
Hibernate: select board0_.board_code as board_co1_0_0_, board0_.board_name as board_na2_0_0_ from board board0_ where board0_.board_code=?
Hibernate: select boardstudy0_.post_no as post_no1_4_, boardstudy0_.board_code as board_c12_4_, boardstudy0_.condition_capacity as conditio2_4_, boardstudy0_.condition_end_date as conditio3_4_, boardstudy0_.condition_explanation as conditio4_4_, boardstudy0_.condition_languages as conditio5_4_, boardstudy0_.condition_region as conditio6_4_, boardstudy0_.condition_start_date as conditio7_4_, boardstudy0_.reply_count as reply_co8_4_, boardstudy0_.title as title9_4_, boardstudy0_.user_code as user_co10_4_, boardstudy0_.view_count as view_co11_4_ from board_study_recruitment boardstudy0_
Hibernate: select board0_.board_code as board_co1_0_0_, board0_.board_name as board_na2_0_0_ from board board0_ where board0_.board_code=?
Hibernate: delete from board_study_recruitment where post_no=?
Hibernate: select board0_.board_code as board_co1_0_, board0_.board_name as board_na2_0_ from board board0_
Hibernate: delete from board where board_code=?
]]></system-out>
  <system-err><![CDATA[]]></system-err>
</testsuite>
