<?xml version="1.0" encoding="UTF-8"?>
<testsuite name="com.ksk.project.study_with_me.web.HelloControllerTest" tests="2" skipped="0" failures="0" errors="0" timestamp="2020-08-18T05:29:05" hostname="DESKTOP-637NALB" time="0.601">
  <properties/>
  <testcase name="hello가_리턴된다" classname="com.ksk.project.study_with_me.web.HelloControllerTest" time="0.442"/>
  <testcase name="helloDto가_리턴된다" classname="com.ksk.project.study_with_me.web.HelloControllerTest" time="0.158"/>
  <system-out><![CDATA[14:29:00.220 [Test worker] DEBUG org.springframework.test.context.junit4.SpringJUnit4ClassRunner - SpringJUnit4ClassRunner constructor called with [class com.ksk.project.study_with_me.web.HelloControllerTest]
14:29:00.231 [Test worker] DEBUG org.springframework.test.context.BootstrapUtils - Instantiating CacheAwareContextLoaderDelegate from class [org.springframework.test.context.cache.DefaultCacheAwareContextLoaderDelegate]
14:29:00.245 [Test worker] DEBUG org.springframework.test.context.BootstrapUtils - Instantiating BootstrapContext using constructor [public org.springframework.test.context.support.DefaultBootstrapContext(java.lang.Class,org.springframework.test.context.CacheAwareContextLoaderDelegate)]
14:29:00.273 [Test worker] DEBUG org.springframework.test.context.BootstrapUtils - Instantiating TestContextBootstrapper for test class [com.ksk.project.study_with_me.web.HelloControllerTest] from class [org.springframework.boot.test.autoconfigure.web.servlet.WebMvcTestContextBootstrapper]
14:29:00.301 [Test worker] INFO org.springframework.boot.test.autoconfigure.web.servlet.WebMvcTestContextBootstrapper - Neither @ContextConfiguration nor @ContextHierarchy found for test class [com.ksk.project.study_with_me.web.HelloControllerTest], using SpringBootContextLoader
14:29:00.307 [Test worker] DEBUG org.springframework.test.context.support.AbstractContextLoader - Did not detect default resource location for test class [com.ksk.project.study_with_me.web.HelloControllerTest]: class path resource [com/ksk/project/study_with_me/web/HelloControllerTest-context.xml] does not exist
14:29:00.309 [Test worker] DEBUG org.springframework.test.context.support.AbstractContextLoader - Did not detect default resource location for test class [com.ksk.project.study_with_me.web.HelloControllerTest]: class path resource [com/ksk/project/study_with_me/web/HelloControllerTestContext.groovy] does not exist
14:29:00.309 [Test worker] INFO org.springframework.test.context.support.AbstractContextLoader - Could not detect default resource locations for test class [com.ksk.project.study_with_me.web.HelloControllerTest]: no resource found for suffixes {-context.xml, Context.groovy}.
14:29:00.310 [Test worker] INFO org.springframework.test.context.support.AnnotationConfigContextLoaderUtils - Could not detect default configuration classes for test class [com.ksk.project.study_with_me.web.HelloControllerTest]: HelloControllerTest does not declare any static, non-private, non-final, nested classes annotated with @Configuration.
14:29:00.421 [Test worker] DEBUG org.springframework.test.context.support.ActiveProfilesUtils - Could not find an 'annotation declaring class' for annotation type [org.springframework.test.context.ActiveProfiles] and class [com.ksk.project.study_with_me.web.HelloControllerTest]
14:29:00.530 [Test worker] DEBUG org.springframework.context.annotation.ClassPathScanningCandidateComponentProvider - Identified candidate component class: file [C:\git\project_2020\study_with_me\build\classes\java\main\com\ksk\project\study_with_me\Application.class]
14:29:00.533 [Test worker] INFO org.springframework.boot.test.context.SpringBootTestContextBootstrapper - Found @SpringBootConfiguration com.ksk.project.study_with_me.Application for test class com.ksk.project.study_with_me.web.HelloControllerTest
14:29:00.536 [Test worker] DEBUG org.springframework.boot.test.autoconfigure.web.servlet.WebMvcTestContextBootstrapper - @TestExecutionListeners is not present for class [com.ksk.project.study_with_me.web.HelloControllerTest]: using defaults.
14:29:00.538 [Test worker] INFO org.springframework.boot.test.autoconfigure.web.servlet.WebMvcTestContextBootstrapper - Loaded default TestExecutionListener class names from location [META-INF/spring.factories]: [org.springframework.security.test.context.support.WithSecurityContextTestExecutionListener, org.springframework.security.test.context.support.ReactorContextTestExecutionListener, org.springframework.boot.test.autoconfigure.restdocs.RestDocsTestExecutionListener, org.springframework.boot.test.autoconfigure.web.client.MockRestServiceServerResetTestExecutionListener, org.springframework.boot.test.autoconfigure.web.servlet.MockMvcPrintOnlyOnFailureTestExecutionListener, org.springframework.boot.test.autoconfigure.web.servlet.WebDriverTestExecutionListener, org.springframework.boot.test.mock.mockito.MockitoTestExecutionListener, org.springframework.boot.test.mock.mockito.ResetMocksTestExecutionListener, org.springframework.test.context.web.ServletTestExecutionListener, org.springframework.test.context.support.DirtiesContextBeforeModesTestExecutionListener, org.springframework.test.context.support.DependencyInjectionTestExecutionListener, org.springframework.test.context.support.DirtiesContextTestExecutionListener, org.springframework.test.context.transaction.TransactionalTestExecutionListener, org.springframework.test.context.jdbc.SqlScriptsTestExecutionListener]
14:29:00.583 [Test worker] INFO org.springframework.boot.test.autoconfigure.web.servlet.WebMvcTestContextBootstrapper - Using TestExecutionListeners: [org.springframework.test.context.web.ServletTestExecutionListener@56013e15, org.springframework.test.context.support.DirtiesContextBeforeModesTestExecutionListener@127406ac, org.springframework.boot.test.mock.mockito.MockitoTestExecutionListener@4abd66bc, org.springframework.boot.test.autoconfigure.SpringBootDependencyInjectionTestExecutionListener@51853075, org.springframework.test.context.support.DirtiesContextTestExecutionListener@eab4dc6, org.springframework.test.context.transaction.TransactionalTestExecutionListener@3c586bd9, org.springframework.test.context.jdbc.SqlScriptsTestExecutionListener@1d717268, org.springframework.security.test.context.support.WithSecurityContextTestExecutionListener@658fef2b, org.springframework.security.test.context.support.ReactorContextTestExecutionListener@311e4b21, org.springframework.boot.test.autoconfigure.restdocs.RestDocsTestExecutionListener@4e67f878, org.springframework.boot.test.autoconfigure.web.client.MockRestServiceServerResetTestExecutionListener@581331ee, org.springframework.boot.test.autoconfigure.web.servlet.MockMvcPrintOnlyOnFailureTestExecutionListener@427f7b70, org.springframework.boot.test.autoconfigure.web.servlet.WebDriverTestExecutionListener@17b675d, org.springframework.boot.test.mock.mockito.ResetMocksTestExecutionListener@702eeb32]
14:29:00.588 [Test worker] DEBUG org.springframework.test.annotation.ProfileValueUtils - Retrieved @ProfileValueSourceConfiguration [null] for test class [com.ksk.project.study_with_me.web.HelloControllerTest]
14:29:00.589 [Test worker] DEBUG org.springframework.test.annotation.ProfileValueUtils - Retrieved ProfileValueSource type [class org.springframework.test.annotation.SystemProfileValueSource] for class [com.ksk.project.study_with_me.web.HelloControllerTest]
14:29:00.590 [Test worker] DEBUG org.springframework.test.annotation.ProfileValueUtils - Retrieved @ProfileValueSourceConfiguration [null] for test class [com.ksk.project.study_with_me.web.HelloControllerTest]
14:29:00.590 [Test worker] DEBUG org.springframework.test.annotation.ProfileValueUtils - Retrieved ProfileValueSource type [class org.springframework.test.annotation.SystemProfileValueSource] for class [com.ksk.project.study_with_me.web.HelloControllerTest]
14:29:00.598 [Test worker] DEBUG org.springframework.test.context.support.AbstractDirtiesContextTestExecutionListener - Before test class: context [DefaultTestContext@59446ea5 testClass = HelloControllerTest, testInstance = [null], testMethod = [null], testException = [null], mergedContextConfiguration = [WebMergedContextConfiguration@4169a1c8 testClass = HelloControllerTest, locations = '{}', classes = '{class com.ksk.project.study_with_me.Application}', contextInitializerClasses = '[]', activeProfiles = '{}', propertySourceLocations = '{}', propertySourceProperties = '{org.springframework.boot.test.autoconfigure.web.servlet.WebMvcTestContextBootstrapper=true}', contextCustomizers = set[org.springframework.boot.test.autoconfigure.OverrideAutoConfigurationContextCustomizerFactory$DisableAutoConfigurationContextCustomizer@631eb866, org.springframework.boot.test.autoconfigure.filter.TypeExcludeFiltersContextCustomizer@a398ab08, org.springframework.boot.test.autoconfigure.properties.PropertyMappingContextCustomizer@a692fe8f, org.springframework.boot.test.autoconfigure.web.servlet.WebDriverContextCustomizerFactory$Customizer@6fe9c8b8, [ImportsContextCustomizer@34a736d4 key = [org.springframework.boot.autoconfigure.cache.CacheAutoConfiguration, org.springframework.boot.autoconfigure.context.MessageSourceAutoConfiguration, org.springframework.boot.autoconfigure.data.web.SpringDataWebAutoConfiguration, org.springframework.boot.autoconfigure.freemarker.FreeMarkerAutoConfiguration, org.springframework.boot.autoconfigure.groovy.template.GroovyTemplateAutoConfiguration, org.springframework.boot.autoconfigure.gson.GsonAutoConfiguration, org.springframework.boot.autoconfigure.hateoas.HypermediaAutoConfiguration, org.springframework.boot.autoconfigure.http.HttpMessageConvertersAutoConfiguration, org.springframework.boot.autoconfigure.jackson.JacksonAutoConfiguration, org.springframework.boot.autoconfigure.jsonb.JsonbAutoConfiguration, org.springframework.boot.autoconfigure.mustache.MustacheAutoConfiguration, org.springframework.boot.autoconfigure.task.TaskExecutionAutoConfiguration, org.springframework.boot.autoconfigure.thymeleaf.ThymeleafAutoConfiguration, org.springframework.boot.autoconfigure.validation.ValidationAutoConfiguration, org.springframework.boot.autoconfigure.web.servlet.error.ErrorMvcAutoConfiguration, org.springframework.boot.autoconfigure.web.servlet.WebMvcAutoConfiguration, org.springframework.boot.test.autoconfigure.web.servlet.MockMvcAutoConfiguration, org.springframework.boot.test.autoconfigure.web.servlet.MockMvcSecurityAutoConfiguration, org.springframework.boot.test.autoconfigure.web.servlet.MockMvcWebClientAutoConfiguration, org.springframework.boot.test.autoconfigure.web.servlet.MockMvcWebDriverAutoConfiguration]], org.springframework.boot.test.context.filter.ExcludeFilterContextCustomizer@6ebb10fc, org.springframework.boot.test.json.DuplicateJsonObjectContextCustomizerFactory$DuplicateJsonObjectContextCustomizer@63159b72, org.springframework.boot.test.mock.mockito.MockitoContextCustomizer@0], resourceBasePath = 'src/main/webapp', contextLoader = 'org.springframework.boot.test.context.SpringBootContextLoader', parent = [null]], attributes = map[[empty]]], class annotated with @DirtiesContext [false] with mode [null].
14:29:00.600 [Test worker] DEBUG org.springframework.test.annotation.ProfileValueUtils - Retrieved @ProfileValueSourceConfiguration [null] for test class [com.ksk.project.study_with_me.web.HelloControllerTest]
14:29:00.600 [Test worker] DEBUG org.springframework.test.annotation.ProfileValueUtils - Retrieved ProfileValueSource type [class org.springframework.test.annotation.SystemProfileValueSource] for class [com.ksk.project.study_with_me.web.HelloControllerTest]
14:29:00.608 [Test worker] DEBUG org.springframework.test.context.support.DependencyInjectionTestExecutionListener - Performing dependency injection for test context [[DefaultTestContext@59446ea5 testClass = HelloControllerTest, testInstance = com.ksk.project.study_with_me.web.HelloControllerTest@4564c08c, testMethod = [null], testException = [null], mergedContextConfiguration = [WebMergedContextConfiguration@4169a1c8 testClass = HelloControllerTest, locations = '{}', classes = '{class com.ksk.project.study_with_me.Application}', contextInitializerClasses = '[]', activeProfiles = '{}', propertySourceLocations = '{}', propertySourceProperties = '{org.springframework.boot.test.autoconfigure.web.servlet.WebMvcTestContextBootstrapper=true}', contextCustomizers = set[org.springframework.boot.test.autoconfigure.OverrideAutoConfigurationContextCustomizerFactory$DisableAutoConfigurationContextCustomizer@631eb866, org.springframework.boot.test.autoconfigure.filter.TypeExcludeFiltersContextCustomizer@a398ab08, org.springframework.boot.test.autoconfigure.properties.PropertyMappingContextCustomizer@a692fe8f, org.springframework.boot.test.autoconfigure.web.servlet.WebDriverContextCustomizerFactory$Customizer@6fe9c8b8, [ImportsContextCustomizer@34a736d4 key = [org.springframework.boot.autoconfigure.cache.CacheAutoConfiguration, org.springframework.boot.autoconfigure.context.MessageSourceAutoConfiguration, org.springframework.boot.autoconfigure.data.web.SpringDataWebAutoConfiguration, org.springframework.boot.autoconfigure.freemarker.FreeMarkerAutoConfiguration, org.springframework.boot.autoconfigure.groovy.template.GroovyTemplateAutoConfiguration, org.springframework.boot.autoconfigure.gson.GsonAutoConfiguration, org.springframework.boot.autoconfigure.hateoas.HypermediaAutoConfiguration, org.springframework.boot.autoconfigure.http.HttpMessageConvertersAutoConfiguration, org.springframework.boot.autoconfigure.jackson.JacksonAutoConfiguration, org.springframework.boot.autoconfigure.jsonb.JsonbAutoConfiguration, org.springframework.boot.autoconfigure.mustache.MustacheAutoConfiguration, org.springframework.boot.autoconfigure.task.TaskExecutionAutoConfiguration, org.springframework.boot.autoconfigure.thymeleaf.ThymeleafAutoConfiguration, org.springframework.boot.autoconfigure.validation.ValidationAutoConfiguration, org.springframework.boot.autoconfigure.web.servlet.error.ErrorMvcAutoConfiguration, org.springframework.boot.autoconfigure.web.servlet.WebMvcAutoConfiguration, org.springframework.boot.test.autoconfigure.web.servlet.MockMvcAutoConfiguration, org.springframework.boot.test.autoconfigure.web.servlet.MockMvcSecurityAutoConfiguration, org.springframework.boot.test.autoconfigure.web.servlet.MockMvcWebClientAutoConfiguration, org.springframework.boot.test.autoconfigure.web.servlet.MockMvcWebDriverAutoConfiguration]], org.springframework.boot.test.context.filter.ExcludeFilterContextCustomizer@6ebb10fc, org.springframework.boot.test.json.DuplicateJsonObjectContextCustomizerFactory$DuplicateJsonObjectContextCustomizer@63159b72, org.springframework.boot.test.mock.mockito.MockitoContextCustomizer@0], resourceBasePath = 'src/main/webapp', contextLoader = 'org.springframework.boot.test.context.SpringBootContextLoader', parent = [null]], attributes = map[[empty]]]].
14:29:00.823 [Test worker] DEBUG org.springframework.test.context.support.TestPropertySourceUtils - Adding inlined properties to environment: {spring.jmx.enabled=false, org.springframework.boot.test.autoconfigure.web.servlet.WebMvcTestContextBootstrapper=true, server.port=-1}

  .   ____          _            __ _ _
 /\\ / ___'_ __ _ _(_)_ __  __ _ \ \ \ \
( ( )\___ | '_ | '_| | '_ \/ _` | \ \ \ \
 \\/  ___)| |_)| | | | | || (_| |  ) ) ) )
  '  |____| .__|_| |_|_| |_\__, | / / / /
 =========|_|==============|___/=/_/_/_/
 :: Spring Boot ::        (v2.1.7.RELEASE)

2020-08-18 14:29:01.547  INFO 17088 --- [    Test worker] c.k.p.s.web.HelloControllerTest          : Starting HelloControllerTest on DESKTOP-637NALB with PID 17088 (started by KSK in C:\git\project_2020\study_with_me)
2020-08-18 14:29:01.548  INFO 17088 --- [    Test worker] c.k.p.s.web.HelloControllerTest          : The following profiles are active: oauth
2020-08-18 14:29:04.023  INFO 17088 --- [    Test worker] o.s.s.concurrent.ThreadPoolTaskExecutor  : Initializing ExecutorService 'applicationTaskExecutor'
2020-08-18 14:29:04.180  INFO 17088 --- [    Test worker] o.s.b.a.w.s.WelcomePageHandlerMapping    : Adding welcome page template: index
2020-08-18 14:29:04.981  INFO 17088 --- [    Test worker] .s.s.UserDetailsServiceAutoConfiguration : 

Using generated security password: 4518c6ec-7a9c-412f-b4fc-a974a9cf7af3

2020-08-18 14:29:05.355  INFO 17088 --- [    Test worker] o.s.s.web.DefaultSecurityFilterChain     : Creating filter chain: any request, [org.springframework.security.web.context.request.async.WebAsyncManagerIntegrationFilter@2aad2a3c, org.springframework.security.web.context.SecurityContextPersistenceFilter@4bf6bd59, org.springframework.security.web.header.HeaderWriterFilter@48150bd5, org.springframework.security.web.csrf.CsrfFilter@7e1b6f43, org.springframework.security.web.authentication.logout.LogoutFilter@14030238, org.springframework.security.web.authentication.UsernamePasswordAuthenticationFilter@780cbdc4, org.springframework.security.web.authentication.ui.DefaultLoginPageGeneratingFilter@5dec419c, org.springframework.security.web.authentication.ui.DefaultLogoutPageGeneratingFilter@19899462, org.springframework.security.web.authentication.www.BasicAuthenticationFilter@49612e72, org.springframework.security.web.savedrequest.RequestCacheAwareFilter@1fde4b02, org.springframework.security.web.servletapi.SecurityContextHolderAwareRequestFilter@170074b4, org.springframework.security.web.authentication.AnonymousAuthenticationFilter@69083b93, org.springframework.security.web.session.SessionManagementFilter@56596e56, org.springframework.security.web.access.ExceptionTranslationFilter@6a5d6cde, org.springframework.security.web.access.intercept.FilterSecurityInterceptor@6a84a57f]
2020-08-18 14:29:05.431  INFO 17088 --- [    Test worker] o.s.b.t.m.w.SpringBootMockServletContext : Initializing Spring TestDispatcherServlet ''
2020-08-18 14:29:05.431  INFO 17088 --- [    Test worker] o.s.t.web.servlet.TestDispatcherServlet  : Initializing Servlet ''
2020-08-18 14:29:05.456  INFO 17088 --- [    Test worker] o.s.t.web.servlet.TestDispatcherServlet  : Completed initialization in 24 ms
2020-08-18 14:29:05.528  INFO 17088 --- [    Test worker] c.k.p.s.web.HelloControllerTest          : Started HelloControllerTest in 4.687 seconds (JVM running for 7.031)
]]></system-out>
  <system-err><![CDATA[]]></system-err>
</testsuite>
